
##############################################
Beginning test 2_3_ElevenServers

*CMD.........	Starting --id 1 --servername theshire --port 32201 --info "Home of the Hobbits" --log-file theshire.log
[theshire] 	Launching server theshire...
*CMD.........	Waiting... 0.25
[theshire] 	Configuring the server socket...
[theshire] 	Listening for new connections on port 32201
*CMD.........	Starting --id 2 --servername rivendale --port 32202 --info "Elronds House" --log-file rivendale.log --connect_to_host theshire --connect_to_port 32201
[rivendale] 	Launching server rivendale...
*CMD.........	Waiting... 0.25
[rivendale] 	Configuring the server socket...
[rivendale] 	Connecting to remote server theshire:32201...
[rivendale] 	Listening for new connections on port 32202
[theshire] 	Received message from Host ID #2 "b'\x00\x00\x00\x00\x02\x00\x00\x00\x00\t\x00\x0frivendale"Elronds House"'"
[theshire] 	Sending message to Host ID #2 "b'\x00\x00\x00\x00\x01\x00\x00\x00\x01\x08\x00\x15theshire"Home of the Hobbits"'"
[rivendale] 	Received message from Host ID #1 "b'\x00\x00\x00\x00\x01\x00\x00\x00\x01\x08\x00\x15theshire"Home of the Hobbits"'"
*CMD.........	Starting --id 3 --servername grey_havens --port 32203 --info "Gates to the Blessed Realm" --log-file grey_havens.log --connect_to_host theshire --connect_to_port 32201
[grey_havens] 	Launching server grey_havens...
*CMD.........	Waiting... 0.25
[grey_havens] 	Configuring the server socket...
[grey_havens] 	Connecting to remote server theshire:32201...
[grey_havens] 	Listening for new connections on port 32203
[theshire] 	Received message from Host ID #3 "b'\x00\x00\x00\x00\x03\x00\x00\x00\x00\x0b\x00\x1cgrey_havens"Gates to the Blessed Realm"'"
[theshire] 	Sending message to Host ID #3 "b'\x00\x00\x00\x00\x01\x00\x00\x00\x01\x08\x00\x15theshire"Home of the Hobbits"'"
[theshire] 	Sending message to Host ID #3 "b'\x00\x00\x00\x00\x02\x00\x00\x00\x01\t\x00\x0frivendale"Elronds House"'"
[theshire] 	Sending message to Host ID #2 "b'\x00\x00\x00\x00\x03\x00\x00\x00\x01\x0b\x00\x1cgrey_havens"Gates to the Blessed Realm"'"
[rivendale] 	Received message from Host ID #3 "b'\x00\x00\x00\x00\x03\x00\x00\x00\x01\x0b\x00\x1cgrey_havens"Gates to the Blessed Realm"'"
[grey_havens] 	Received message from Host ID #1 "b'\x00\x00\x00\x00\x01\x00\x00\x00\x01\x08\x00\x15theshire"Home of the Hobbits"'"
[grey_havens] 	Received message from Host ID #2 "b'\x00\x00\x00\x00\x02\x00\x00\x00\x01\t\x00\x0frivendale"Elronds House"'"
*CMD.........	Starting --id 4 --servername lothlorien --port 32204 --info "The Golden Wood" --log-file lothlorien.log --connect_to_host rivendale --connect_to_port 32202
[lothlorien] 	Launching server lothlorien...
*CMD.........	Waiting... 0.25
[lothlorien] 	Configuring the server socket...
[lothlorien] 	Connecting to remote server rivendale:32202...
[lothlorien] 	Listening for new connections on port 32204
[rivendale] 	Received message from Host ID #4 "b'\x00\x00\x00\x00\x04\x00\x00\x00\x00\n\x00\x11lothlorien"The Golden Wood"'"
[rivendale] 	Sending message to Host ID #4 "b'\x00\x00\x00\x00\x02\x00\x00\x00\x02\t\x00\x0frivendale"Elronds House"'"
[rivendale] 	Sending message to Host ID #4 "b'\x00\x00\x00\x00\x01\x00\x00\x00\x02\x08\x00\x15theshire"Home of the Hobbits"'"
[rivendale] 	Sending message to Host ID #4 "b'\x00\x00\x00\x00\x03\x00\x00\x00\x02\x0b\x00\x1cgrey_havens"Gates to the Blessed Realm"'"
[rivendale] 	Sending message to Host ID #1 "b'\x00\x00\x00\x00\x04\x00\x00\x00\x02\n\x00\x11lothlorien"The Golden Wood"'"
[theshire] 	Received message from Host ID #4 "b'\x00\x00\x00\x00\x04\x00\x00\x00\x02\n\x00\x11lothlorien"The Golden Wood"'"
[lothlorien] 	Received message from Host ID #2 "b'\x00\x00\x00\x00\x02\x00\x00\x00\x02\t\x00\x0frivendale"Elronds House"'"
[theshire] 	Sending message to Host ID #3 "b'\x00\x00\x00\x00\x04\x00\x00\x00\x01\n\x00\x11lothlorien"The Golden Wood"'"
[lothlorien] 	Received message from Host ID #1 "b'\x00\x00\x00\x00\x01\x00\x00\x00\x02\x08\x00\x15theshire"Home of the Hobbits"'"
[lothlorien] 	Received message from Host ID #3 "b'\x00\x00\x00\x00\x03\x00\x00\x00\x02\x0b\x00\x1cgrey_havens"Gates to the Blessed Realm"'"
[grey_havens] 	Received message from Host ID #4 "b'\x00\x00\x00\x00\x04\x00\x00\x00\x01\n\x00\x11lothlorien"The Golden Wood"'"
*CMD.........	Starting --id 5 --servername moria --port 32205 --info "The Black Pit" --log-file moria.log --connect_to_host rivendale --connect_to_port 32202
[moria] 	Launching server moria...
*CMD.........	Waiting... 0.25
[moria] 	Configuring the server socket...
[moria] 	Connecting to remote server rivendale:32202...
[moria] 	Listening for new connections on port 32205
[rivendale] 	Received message from Host ID #5 "b'\x00\x00\x00\x00\x05\x00\x00\x00\x00\x05\x00\x0fmoria"The Black Pit"'"
[rivendale] 	Sending message to Host ID #5 "b'\x00\x00\x00\x00\x02\x00\x00\x00\x02\t\x00\x0frivendale"Elronds House"'"
[rivendale] 	Sending message to Host ID #5 "b'\x00\x00\x00\x00\x01\x00\x00\x00\x02\x08\x00\x15theshire"Home of the Hobbits"'"
[rivendale] 	Sending message to Host ID #5 "b'\x00\x00\x00\x00\x03\x00\x00\x00\x02\x0b\x00\x1cgrey_havens"Gates to the Blessed Realm"'"
[rivendale] 	Sending message to Host ID #5 "b'\x00\x00\x00\x00\x04\x00\x00\x00\x02\n\x00\x11lothlorien"The Golden Wood"'"
[rivendale] 	Sending message to Host ID #1 "b'\x00\x00\x00\x00\x05\x00\x00\x00\x02\x05\x00\x0fmoria"The Black Pit"'"
[rivendale] 	Sending message to Host ID #4 "b'\x00\x00\x00\x00\x05\x00\x00\x00\x02\x05\x00\x0fmoria"The Black Pit"'"
[lothlorien] 	Received message from Host ID #5 "b'\x00\x00\x00\x00\x05\x00\x00\x00\x02\x05\x00\x0fmoria"The Black Pit"'"
[theshire] 	Received message from Host ID #5 "b'\x00\x00\x00\x00\x05\x00\x00\x00\x02\x05\x00\x0fmoria"The Black Pit"'"
[moria] 	Received message from Host ID #2 "b'\x00\x00\x00\x00\x02\x00\x00\x00\x02\t\x00\x0frivendale"Elronds House"'"
[theshire] 	Sending message to Host ID #3 "b'\x00\x00\x00\x00\x05\x00\x00\x00\x01\x05\x00\x0fmoria"The Black Pit"'"
[moria] 	Received message from Host ID #1 "b'\x00\x00\x00\x00\x01\x00\x00\x00\x02\x08\x00\x15theshire"Home of the Hobbits"'"
[moria] 	Received message from Host ID #3 "b'\x00\x00\x00\x00\x03\x00\x00\x00\x02\x0b\x00\x1cgrey_havens"Gates to the Blessed Realm"'"
[grey_havens] 	Received message from Host ID #5 "b'\x00\x00\x00\x00\x05\x00\x00\x00\x01\x05\x00\x0fmoria"The Black Pit"'"
[moria] 	Received message from Host ID #4 "b'\x00\x00\x00\x00\x04\x00\x00\x00\x02\n\x00\x11lothlorien"The Golden Wood"'"
*CMD.........	Starting --id 6 --servername edoras --port 32206 --info "Home of the Golden Hall of Meduseld" --log-file edoras.log --connect_to_host lothlorien --connect_to_port 32204
[edoras] 	Launching server edoras...
*CMD.........	Waiting... 0.25
[edoras] 	Configuring the server socket...
[edoras] 	Connecting to remote server lothlorien:32204...
[edoras] 	Listening for new connections on port 32206
[lothlorien] 	Received message from Host ID #6 "b'\x00\x00\x00\x00\x06\x00\x00\x00\x00\x06\x00%edoras"Home of the Golden Hall of Meduseld"'"
[lothlorien] 	Sending message to Host ID #6 "b'\x00\x00\x00\x00\x04\x00\x00\x00\x04\n\x00\x11lothlorien"The Golden Wood"'"
[lothlorien] 	Sending message to Host ID #6 "b'\x00\x00\x00\x00\x02\x00\x00\x00\x04\t\x00\x0frivendale"Elronds House"'"
[lothlorien] 	Sending message to Host ID #6 "b'\x00\x00\x00\x00\x01\x00\x00\x00\x04\x08\x00\x15theshire"Home of the Hobbits"'"
[lothlorien] 	Sending message to Host ID #6 "b'\x00\x00\x00\x00\x03\x00\x00\x00\x04\x0b\x00\x1cgrey_havens"Gates to the Blessed Realm"'"
[lothlorien] 	Sending message to Host ID #6 "b'\x00\x00\x00\x00\x05\x00\x00\x00\x04\x05\x00\x0fmoria"The Black Pit"'"
[lothlorien] 	Sending message to Host ID #2 "b'\x00\x00\x00\x00\x06\x00\x00\x00\x04\x06\x00%edoras"Home of the Golden Hall of Meduseld"'"
[rivendale] 	Received message from Host ID #6 "b'\x00\x00\x00\x00\x06\x00\x00\x00\x04\x06\x00%edoras"Home of the Golden Hall of Meduseld"'"
[edoras] 	Received message from Host ID #4 "b'\x00\x00\x00\x00\x04\x00\x00\x00\x04\n\x00\x11lothlorien"The Golden Wood"'"
[rivendale] 	Sending message to Host ID #1 "b'\x00\x00\x00\x00\x06\x00\x00\x00\x02\x06\x00%edoras"Home of the Golden Hall of Meduseld"'"
[edoras] 	Received message from Host ID #2 "b'\x00\x00\x00\x00\x02\x00\x00\x00\x04\t\x00\x0frivendale"Elronds House"'"
[rivendale] 	Sending message to Host ID #5 "b'\x00\x00\x00\x00\x06\x00\x00\x00\x02\x06\x00%edoras"Home of the Golden Hall of Meduseld"'"
[edoras] 	Received message from Host ID #1 "b'\x00\x00\x00\x00\x01\x00\x00\x00\x04\x08\x00\x15theshire"Home of the Hobbits"'"
[edoras] 	Received message from Host ID #3 "b'\x00\x00\x00\x00\x03\x00\x00\x00\x04\x0b\x00\x1cgrey_havens"Gates to the Blessed Realm"'"
[theshire] 	Received message from Host ID #6 "b'\x00\x00\x00\x00\x06\x00\x00\x00\x02\x06\x00%edoras"Home of the Golden Hall of Meduseld"'"
[moria] 	Received message from Host ID #6 "b'\x00\x00\x00\x00\x06\x00\x00\x00\x02\x06\x00%edoras"Home of the Golden Hall of Meduseld"'"
[edoras] 	Received message from Host ID #5 "b'\x00\x00\x00\x00\x05\x00\x00\x00\x04\x05\x00\x0fmoria"The Black Pit"'"
[theshire] 	Sending message to Host ID #3 "b'\x00\x00\x00\x00\x06\x00\x00\x00\x01\x06\x00%edoras"Home of the Golden Hall of Meduseld"'"
[grey_havens] 	Received message from Host ID #6 "b'\x00\x00\x00\x00\x06\x00\x00\x00\x01\x06\x00%edoras"Home of the Golden Hall of Meduseld"'"
*CMD.........	Starting --id 7 --servername minastirith --port 32207 --info "Tower of Guard" --log-file minastirith.log --connect_to_host lothlorien --connect_to_port 32204
[minastirith] 	Launching server minastirith...
*CMD.........	Waiting... 0.25
[minastirith] 	Configuring the server socket...
[minastirith] 	Connecting to remote server lothlorien:32204...
[minastirith] 	Listening for new connections on port 32207
[lothlorien] 	Received message from Host ID #7 "b'\x00\x00\x00\x00\x07\x00\x00\x00\x00\x0b\x00\x10minastirith"Tower of Guard"'"
[lothlorien] 	Sending message to Host ID #7 "b'\x00\x00\x00\x00\x04\x00\x00\x00\x04\n\x00\x11lothlorien"The Golden Wood"'"
[lothlorien] 	Sending message to Host ID #7 "b'\x00\x00\x00\x00\x02\x00\x00\x00\x04\t\x00\x0frivendale"Elronds House"'"
[lothlorien] 	Sending message to Host ID #7 "b'\x00\x00\x00\x00\x01\x00\x00\x00\x04\x08\x00\x15theshire"Home of the Hobbits"'"
[lothlorien] 	Sending message to Host ID #7 "b'\x00\x00\x00\x00\x03\x00\x00\x00\x04\x0b\x00\x1cgrey_havens"Gates to the Blessed Realm"'"
[lothlorien] 	Sending message to Host ID #7 "b'\x00\x00\x00\x00\x05\x00\x00\x00\x04\x05\x00\x0fmoria"The Black Pit"'"
[lothlorien] 	Sending message to Host ID #7 "b'\x00\x00\x00\x00\x06\x00\x00\x00\x04\x06\x00%edoras"Home of the Golden Hall of Meduseld"'"
[lothlorien] 	Sending message to Host ID #2 "b'\x00\x00\x00\x00\x07\x00\x00\x00\x04\x0b\x00\x10minastirith"Tower of Guard"'"
[lothlorien] 	Sending message to Host ID #6 "b'\x00\x00\x00\x00\x07\x00\x00\x00\x04\x0b\x00\x10minastirith"Tower of Guard"'"
[rivendale] 	Received message from Host ID #7 "b'\x00\x00\x00\x00\x07\x00\x00\x00\x04\x0b\x00\x10minastirith"Tower of Guard"'"
[edoras] 	Received message from Host ID #7 "b'\x00\x00\x00\x00\x07\x00\x00\x00\x04\x0b\x00\x10minastirith"Tower of Guard"'"
[minastirith] 	Received message from Host ID #4 "b'\x00\x00\x00\x00\x04\x00\x00\x00\x04\n\x00\x11lothlorien"The Golden Wood"'"
[rivendale] 	Sending message to Host ID #1 "b'\x00\x00\x00\x00\x07\x00\x00\x00\x02\x0b\x00\x10minastirith"Tower of Guard"'"
[minastirith] 	Received message from Host ID #2 "b'\x00\x00\x00\x00\x02\x00\x00\x00\x04\t\x00\x0frivendale"Elronds House"'"
[rivendale] 	Sending message to Host ID #5 "b'\x00\x00\x00\x00\x07\x00\x00\x00\x02\x0b\x00\x10minastirith"Tower of Guard"'"
[minastirith] 	Received message from Host ID #1 "b'\x00\x00\x00\x00\x01\x00\x00\x00\x04\x08\x00\x15theshire"Home of the Hobbits"'"
[theshire] 	Received message from Host ID #7 "b'\x00\x00\x00\x00\x07\x00\x00\x00\x02\x0b\x00\x10minastirith"Tower of Guard"'"
[moria] 	Received message from Host ID #7 "b'\x00\x00\x00\x00\x07\x00\x00\x00\x02\x0b\x00\x10minastirith"Tower of Guard"'"
[minastirith] 	Received message from Host ID #3 "b'\x00\x00\x00\x00\x03\x00\x00\x00\x04\x0b\x00\x1cgrey_havens"Gates to the Blessed Realm"'"
[theshire] 	Sending message to Host ID #3 "b'\x00\x00\x00\x00\x07\x00\x00\x00\x01\x0b\x00\x10minastirith"Tower of Guard"'"
[minastirith] 	Received message from Host ID #5 "b'\x00\x00\x00\x00\x05\x00\x00\x00\x04\x05\x00\x0fmoria"The Black Pit"'"
[grey_havens] 	Received message from Host ID #7 "b'\x00\x00\x00\x00\x07\x00\x00\x00\x01\x0b\x00\x10minastirith"Tower of Guard"'"
[minastirith] 	Received message from Host ID #6 "b'\x00\x00\x00\x00\x06\x00\x00\x00\x04\x06\x00%edoras"Home of the Golden Hall of Meduseld"'"
*CMD.........	Starting --id 8 --servername mirkwood --port 32208 --info "Wood of Greenleaves" --log-file mirkwood.log --connect_to_host rivendale --connect_to_port 32202
[mirkwood] 	Launching server mirkwood...
*CMD.........	Waiting... 0.25
[mirkwood] 	Configuring the server socket...
[mirkwood] 	Connecting to remote server rivendale:32202...
[mirkwood] 	Listening for new connections on port 32208
[rivendale] 	Received message from Host ID #8 "b'\x00\x00\x00\x00\x08\x00\x00\x00\x00\x08\x00\x15mirkwood"Wood of Greenleaves"'"
[rivendale] 	Sending message to Host ID #8 "b'\x00\x00\x00\x00\x02\x00\x00\x00\x02\t\x00\x0frivendale"Elronds House"'"
[rivendale] 	Sending message to Host ID #8 "b'\x00\x00\x00\x00\x01\x00\x00\x00\x02\x08\x00\x15theshire"Home of the Hobbits"'"
[rivendale] 	Sending message to Host ID #8 "b'\x00\x00\x00\x00\x03\x00\x00\x00\x02\x0b\x00\x1cgrey_havens"Gates to the Blessed Realm"'"
[rivendale] 	Sending message to Host ID #8 "b'\x00\x00\x00\x00\x04\x00\x00\x00\x02\n\x00\x11lothlorien"The Golden Wood"'"
[rivendale] 	Sending message to Host ID #8 "b'\x00\x00\x00\x00\x05\x00\x00\x00\x02\x05\x00\x0fmoria"The Black Pit"'"
[rivendale] 	Sending message to Host ID #8 "b'\x00\x00\x00\x00\x06\x00\x00\x00\x02\x06\x00%edoras"Home of the Golden Hall of Meduseld"'"
[rivendale] 	Sending message to Host ID #8 "b'\x00\x00\x00\x00\x07\x00\x00\x00\x02\x0b\x00\x10minastirith"Tower of Guard"'"
[rivendale] 	Sending message to Host ID #1 "b'\x00\x00\x00\x00\x08\x00\x00\x00\x02\x08\x00\x15mirkwood"Wood of Greenleaves"'"
[rivendale] 	Sending message to Host ID #4 "b'\x00\x00\x00\x00\x08\x00\x00\x00\x02\x08\x00\x15mirkwood"Wood of Greenleaves"'"
[rivendale] 	Sending message to Host ID #5 "b'\x00\x00\x00\x00\x08\x00\x00\x00\x02\x08\x00\x15mirkwood"Wood of Greenleaves"'"
[lothlorien] 	Received message from Host ID #8 "b'\x00\x00\x00\x00\x08\x00\x00\x00\x02\x08\x00\x15mirkwood"Wood of Greenleaves"'"
[mirkwood] 	Received message from Host ID #2 "b'\x00\x00\x00\x00\x02\x00\x00\x00\x02\t\x00\x0frivendale"Elronds House"'"
[moria] 	Received message from Host ID #8 "b'\x00\x00\x00\x00\x08\x00\x00\x00\x02\x08\x00\x15mirkwood"Wood of Greenleaves"'"[theshire] 	Received message from Host ID #8 "b'\x00\x00\x00\x00\x08\x00\x00\x00\x02\x08\x00\x15mirkwood"Wood of Greenleaves"'"

[lothlorien] 	Sending message to Host ID #6 "b'\x00\x00\x00\x00\x08\x00\x00\x00\x04\x08\x00\x15mirkwood"Wood of Greenleaves"'"
[mirkwood] 	Received message from Host ID #1 "b'\x00\x00\x00\x00\x01\x00\x00\x00\x02\x08\x00\x15theshire"Home of the Hobbits"'"
[theshire] 	Sending message to Host ID #3 "b'\x00\x00\x00\x00\x08\x00\x00\x00\x01\x08\x00\x15mirkwood"Wood of Greenleaves"'"
[lothlorien] 	Sending message to Host ID #7 "b'\x00\x00\x00\x00\x08\x00\x00\x00\x04\x08\x00\x15mirkwood"Wood of Greenleaves"'"
[mirkwood] 	Received message from Host ID #3 "b'\x00\x00\x00\x00\x03\x00\x00\x00\x02\x0b\x00\x1cgrey_havens"Gates to the Blessed Realm"'"
[grey_havens] 	Received message from Host ID #8 "b'\x00\x00\x00\x00\x08\x00\x00\x00\x01\x08\x00\x15mirkwood"Wood of Greenleaves"'"
[edoras] 	Received message from Host ID #8 "b'\x00\x00\x00\x00\x08\x00\x00\x00\x04\x08\x00\x15mirkwood"Wood of Greenleaves"'"
[minastirith] 	Received message from Host ID #8 "b'\x00\x00\x00\x00\x08\x00\x00\x00\x04\x08\x00\x15mirkwood"Wood of Greenleaves"'"
[mirkwood] 	Received message from Host ID #4 "b'\x00\x00\x00\x00\x04\x00\x00\x00\x02\n\x00\x11lothlorien"The Golden Wood"'"
[mirkwood] 	Received message from Host ID #5 "b'\x00\x00\x00\x00\x05\x00\x00\x00\x02\x05\x00\x0fmoria"The Black Pit"'"
[mirkwood] 	Received message from Host ID #6 "b'\x00\x00\x00\x00\x06\x00\x00\x00\x02\x06\x00%edoras"Home of the Golden Hall of Meduseld"'"
[mirkwood] 	Received message from Host ID #7 "b'\x00\x00\x00\x00\x07\x00\x00\x00\x02\x0b\x00\x10minastirith"Tower of Guard"'"
*CMD.........	Starting --id 9 --servername isengard --port 32209 --info "Angrenost, The Iron Fortres" --log-file isengard.log --connect_to_host edoras --connect_to_port 32206
[isengard] 	Launching server isengard...
*CMD.........	Waiting... 0.25
[isengard] 	Configuring the server socket...
[isengard] 	Connecting to remote server edoras:32206...
[isengard] 	Listening for new connections on port 32209
[edoras] 	Received message from Host ID #9 "b'\x00\x00\x00\x00\t\x00\x00\x00\x00\x08\x00\x1disengard"Angrenost, The Iron Fortres"'"
[edoras] 	Sending message to Host ID #9 "b'\x00\x00\x00\x00\x06\x00\x00\x00\x06\x06\x00%edoras"Home of the Golden Hall of Meduseld"'"
[edoras] 	Sending message to Host ID #9 "b'\x00\x00\x00\x00\x04\x00\x00\x00\x06\n\x00\x11lothlorien"The Golden Wood"'"
[edoras] 	Sending message to Host ID #9 "b'\x00\x00\x00\x00\x02\x00\x00\x00\x06\t\x00\x0frivendale"Elronds House"'"
[edoras] 	Sending message to Host ID #9 "b'\x00\x00\x00\x00\x01\x00\x00\x00\x06\x08\x00\x15theshire"Home of the Hobbits"'"
[edoras] 	Sending message to Host ID #9 "b'\x00\x00\x00\x00\x03\x00\x00\x00\x06\x0b\x00\x1cgrey_havens"Gates to the Blessed Realm"'"
[edoras] 	Sending message to Host ID #9 "b'\x00\x00\x00\x00\x05\x00\x00\x00\x06\x05\x00\x0fmoria"The Black Pit"'"
[edoras] 	Sending message to Host ID #9 "b'\x00\x00\x00\x00\x07\x00\x00\x00\x06\x0b\x00\x10minastirith"Tower of Guard"'"
[edoras] 	Sending message to Host ID #9 "b'\x00\x00\x00\x00\x08\x00\x00\x00\x06\x08\x00\x15mirkwood"Wood of Greenleaves"'"
[edoras] 	Sending message to Host ID #4 "b'\x00\x00\x00\x00\t\x00\x00\x00\x06\x08\x00\x1disengard"Angrenost, The Iron Fortres"'"
[lothlorien] 	Received message from Host ID #9 "b'\x00\x00\x00\x00\t\x00\x00\x00\x06\x08\x00\x1disengard"Angrenost, The Iron Fortres"'"
[isengard] 	Received message from Host ID #6 "b'\x00\x00\x00\x00\x06\x00\x00\x00\x06\x06\x00%edoras"Home of the Golden Hall of Meduseld"'"
[lothlorien] 	Sending message to Host ID #2 "b'\x00\x00\x00\x00\t\x00\x00\x00\x04\x08\x00\x1disengard"Angrenost, The Iron Fortres"'"
[isengard] 	Received message from Host ID #4 "b'\x00\x00\x00\x00\x04\x00\x00\x00\x06\n\x00\x11lothlorien"The Golden Wood"'"
[lothlorien] 	Sending message to Host ID #7 "b'\x00\x00\x00\x00\t\x00\x00\x00\x04\x08\x00\x1disengard"Angrenost, The Iron Fortres"'"
[isengard] 	Received message from Host ID #2 "b'\x00\x00\x00\x00\x02\x00\x00\x00\x06\t\x00\x0frivendale"Elronds House"'"
[minastirith] 	Received message from Host ID #9 "b'\x00\x00\x00\x00\t\x00\x00\x00\x04\x08\x00\x1disengard"Angrenost, The Iron Fortres"'"
[rivendale] 	Received message from Host ID #9 "b'\x00\x00\x00\x00\t\x00\x00\x00\x04\x08\x00\x1disengard"Angrenost, The Iron Fortres"'"
[isengard] 	Received message from Host ID #1 "b'\x00\x00\x00\x00\x01\x00\x00\x00\x06\x08\x00\x15theshire"Home of the Hobbits"'"
[rivendale] 	Sending message to Host ID #1 "b'\x00\x00\x00\x00\t\x00\x00\x00\x02\x08\x00\x1disengard"Angrenost, The Iron Fortres"'"
[isengard] 	Received message from Host ID #3 "b'\x00\x00\x00\x00\x03\x00\x00\x00\x06\x0b\x00\x1cgrey_havens"Gates to the Blessed Realm"'"
[rivendale] 	Sending message to Host ID #5 "b'\x00\x00\x00\x00\t\x00\x00\x00\x02\x08\x00\x1disengard"Angrenost, The Iron Fortres"'"
[isengard] 	Received message from Host ID #5 "b'\x00\x00\x00\x00\x05\x00\x00\x00\x06\x05\x00\x0fmoria"The Black Pit"'"
[rivendale] 	Sending message to Host ID #8 "b'\x00\x00\x00\x00\t\x00\x00\x00\x02\x08\x00\x1disengard"Angrenost, The Iron Fortres"'"
[isengard] 	Received message from Host ID #7 "b'\x00\x00\x00\x00\x07\x00\x00\x00\x06\x0b\x00\x10minastirith"Tower of Guard"'"
[moria] 	Received message from Host ID #9 "b'\x00\x00\x00\x00\t\x00\x00\x00\x02\x08\x00\x1disengard"Angrenost, The Iron Fortres"'"
[theshire] 	Received message from Host ID #9 "b'\x00\x00\x00\x00\t\x00\x00\x00\x02\x08\x00\x1disengard"Angrenost, The Iron Fortres"'"
[isengard] 	Received message from Host ID #8 "b'\x00\x00\x00\x00\x08\x00\x00\x00\x06\x08\x00\x15mirkwood"Wood of Greenleaves"'"
[mirkwood] 	Received message from Host ID #9 "b'\x00\x00\x00\x00\t\x00\x00\x00\x02\x08\x00\x1disengard"Angrenost, The Iron Fortres"'"
[theshire] 	Sending message to Host ID #3 "b'\x00\x00\x00\x00\t\x00\x00\x00\x01\x08\x00\x1disengard"Angrenost, The Iron Fortres"'"
[grey_havens] 	Received message from Host ID #9 "b'\x00\x00\x00\x00\t\x00\x00\x00\x01\x08\x00\x1disengard"Angrenost, The Iron Fortres"'"
*CMD.........	Starting --id 10 --servername osgiliath --port 32210 --info "Citadel of the Stars" --log-file osgiliath.log --connect_to_host minastirith --connect_to_port 32207
[osgiliath] 	Launching server osgiliath...
*CMD.........	Waiting... 0.25
[osgiliath] 	Configuring the server socket...
[osgiliath] 	Connecting to remote server minastirith:32207...
[osgiliath] 	Listening for new connections on port 32210
[minastirith] 	Received message from Host ID #10 "b'\x00\x00\x00\x00\n\x00\x00\x00\x00\t\x00\x16osgiliath"Citadel of the Stars"'"
[minastirith] 	Sending message to Host ID #10 "b'\x00\x00\x00\x00\x07\x00\x00\x00\x07\x0b\x00\x10minastirith"Tower of Guard"'"
[minastirith] 	Sending message to Host ID #10 "b'\x00\x00\x00\x00\x04\x00\x00\x00\x07\n\x00\x11lothlorien"The Golden Wood"'"
[minastirith] 	Sending message to Host ID #10 "b'\x00\x00\x00\x00\x02\x00\x00\x00\x07\t\x00\x0frivendale"Elronds House"'"
[minastirith] 	Sending message to Host ID #10 "b'\x00\x00\x00\x00\x01\x00\x00\x00\x07\x08\x00\x15theshire"Home of the Hobbits"'"
[minastirith] 	Sending message to Host ID #10 "b'\x00\x00\x00\x00\x03\x00\x00\x00\x07\x0b\x00\x1cgrey_havens"Gates to the Blessed Realm"'"
[minastirith] 	Sending message to Host ID #10 "b'\x00\x00\x00\x00\x05\x00\x00\x00\x07\x05\x00\x0fmoria"The Black Pit"'"
[minastirith] 	Sending message to Host ID #10 "b'\x00\x00\x00\x00\x06\x00\x00\x00\x07\x06\x00%edoras"Home of the Golden Hall of Meduseld"'"
[minastirith] 	Sending message to Host ID #10 "b'\x00\x00\x00\x00\x08\x00\x00\x00\x07\x08\x00\x15mirkwood"Wood of Greenleaves"'"
[minastirith] 	Sending message to Host ID #10 "b'\x00\x00\x00\x00\t\x00\x00\x00\x07\x08\x00\x1disengard"Angrenost, The Iron Fortres"'"
[minastirith] 	Sending message to Host ID #4 "b'\x00\x00\x00\x00\n\x00\x00\x00\x07\t\x00\x16osgiliath"Citadel of the Stars"'"
[lothlorien] 	Received message from Host ID #10 "b'\x00\x00\x00\x00\n\x00\x00\x00\x07\t\x00\x16osgiliath"Citadel of the Stars"'"
[osgiliath] 	Received message from Host ID #7 "b'\x00\x00\x00\x00\x07\x00\x00\x00\x07\x0b\x00\x10minastirith"Tower of Guard"'"
[lothlorien] 	Sending message to Host ID #2 "b'\x00\x00\x00\x00\n\x00\x00\x00\x04\t\x00\x16osgiliath"Citadel of the Stars"'"
[osgiliath] 	Received message from Host ID #4 "b'\x00\x00\x00\x00\x04\x00\x00\x00\x07\n\x00\x11lothlorien"The Golden Wood"'"
[lothlorien] 	Sending message to Host ID #6 "b'\x00\x00\x00\x00\n\x00\x00\x00\x04\t\x00\x16osgiliath"Citadel of the Stars"'"
[osgiliath] 	Received message from Host ID #2 "b'\x00\x00\x00\x00\x02\x00\x00\x00\x07\t\x00\x0frivendale"Elronds House"'"
[rivendale] 	Received message from Host ID #10 "b'\x00\x00\x00\x00\n\x00\x00\x00\x04\t\x00\x16osgiliath"Citadel of the Stars"'"
[osgiliath] 	Received message from Host ID #1 "b'\x00\x00\x00\x00\x01\x00\x00\x00\x07\x08\x00\x15theshire"Home of the Hobbits"'"
[edoras] 	Received message from Host ID #10 "b'\x00\x00\x00\x00\n\x00\x00\x00\x04\t\x00\x16osgiliath"Citadel of the Stars"'"
[rivendale] 	Sending message to Host ID #1 "b'\x00\x00\x00\x00\n\x00\x00\x00\x02\t\x00\x16osgiliath"Citadel of the Stars"'"
[osgiliath] 	Received message from Host ID #3 "b'\x00\x00\x00\x00\x03\x00\x00\x00\x07\x0b\x00\x1cgrey_havens"Gates to the Blessed Realm"'"
[edoras] 	Sending message to Host ID #9 "b'\x00\x00\x00\x00\n\x00\x00\x00\x06\t\x00\x16osgiliath"Citadel of the Stars"'"
[rivendale] 	Sending message to Host ID #5 "b'\x00\x00\x00\x00\n\x00\x00\x00\x02\t\x00\x16osgiliath"Citadel of the Stars"'"
[osgiliath] 	Received message from Host ID #5 "b'\x00\x00\x00\x00\x05\x00\x00\x00\x07\x05\x00\x0fmoria"The Black Pit"'"
[isengard] 	Received message from Host ID #10 "b'\x00\x00\x00\x00\n\x00\x00\x00\x06\t\x00\x16osgiliath"Citadel of the Stars"'"
[rivendale] 	Sending message to Host ID #8 "b'\x00\x00\x00\x00\n\x00\x00\x00\x02\t\x00\x16osgiliath"Citadel of the Stars"'"
[osgiliath] 	Received message from Host ID #6 "b'\x00\x00\x00\x00\x06\x00\x00\x00\x07\x06\x00%edoras"Home of the Golden Hall of Meduseld"'"
[theshire] 	Received message from Host ID #10 "b'\x00\x00\x00\x00\n\x00\x00\x00\x02\t\x00\x16osgiliath"Citadel of the Stars"'"
[osgiliath] 	Received message from Host ID #8 "b'\x00\x00\x00\x00\x08\x00\x00\x00\x07\x08\x00\x15mirkwood"Wood of Greenleaves"'"
[mirkwood] 	Received message from Host ID #10 "b'\x00\x00\x00\x00\n\x00\x00\x00\x02\t\x00\x16osgiliath"Citadel of the Stars"'"
[moria] 	Received message from Host ID #10 "b'\x00\x00\x00\x00\n\x00\x00\x00\x02\t\x00\x16osgiliath"Citadel of the Stars"'"
[theshire] 	Sending message to Host ID #3 "b'\x00\x00\x00\x00\n\x00\x00\x00\x01\t\x00\x16osgiliath"Citadel of the Stars"'"
[osgiliath] 	Received message from Host ID #9 "b'\x00\x00\x00\x00\t\x00\x00\x00\x07\x08\x00\x1disengard"Angrenost, The Iron Fortres"'"
[grey_havens] 	Received message from Host ID #10 "b'\x00\x00\x00\x00\n\x00\x00\x00\x01\t\x00\x16osgiliath"Citadel of the Stars"'"
*CMD.........	Starting --id 11 --servername barad-dur --port 32211 --info "The Dark Tower" --log-file barad-dur.log --connect_to_host minastirith --connect_to_port 32207
[barad-dur] 	Launching server barad-dur...
*CMD.........	Waiting... 1.5
[barad-dur] 	Configuring the server socket...
[barad-dur] 	Connecting to remote server minastirith:32207...
[barad-dur] 	Listening for new connections on port 32211
[minastirith] 	Received message from Host ID #11 "b'\x00\x00\x00\x00\x0b\x00\x00\x00\x00\t\x00\x10barad-dur"The Dark Tower"'"
[minastirith] 	Sending message to Host ID #11 "b'\x00\x00\x00\x00\x07\x00\x00\x00\x07\x0b\x00\x10minastirith"Tower of Guard"'"
[minastirith] 	Sending message to Host ID #11 "b'\x00\x00\x00\x00\x04\x00\x00\x00\x07\n\x00\x11lothlorien"The Golden Wood"'"
[minastirith] 	Sending message to Host ID #11 "b'\x00\x00\x00\x00\x02\x00\x00\x00\x07\t\x00\x0frivendale"Elronds House"'"
[minastirith] 	Sending message to Host ID #11 "b'\x00\x00\x00\x00\x01\x00\x00\x00\x07\x08\x00\x15theshire"Home of the Hobbits"'"
[minastirith] 	Sending message to Host ID #11 "b'\x00\x00\x00\x00\x03\x00\x00\x00\x07\x0b\x00\x1cgrey_havens"Gates to the Blessed Realm"'"
[minastirith] 	Sending message to Host ID #11 "b'\x00\x00\x00\x00\x05\x00\x00\x00\x07\x05\x00\x0fmoria"The Black Pit"'"
[minastirith] 	Sending message to Host ID #11 "b'\x00\x00\x00\x00\x06\x00\x00\x00\x07\x06\x00%edoras"Home of the Golden Hall of Meduseld"'"
[minastirith] 	Sending message to Host ID #11 "b'\x00\x00\x00\x00\x08\x00\x00\x00\x07\x08\x00\x15mirkwood"Wood of Greenleaves"'"
[minastirith] 	Sending message to Host ID #11 "b'\x00\x00\x00\x00\t\x00\x00\x00\x07\x08\x00\x1disengard"Angrenost, The Iron Fortres"'"
[minastirith] 	Sending message to Host ID #11 "b'\x00\x00\x00\x00\n\x00\x00\x00\x07\t\x00\x16osgiliath"Citadel of the Stars"'"
[minastirith] 	Sending message to Host ID #4 "b'\x00\x00\x00\x00\x0b\x00\x00\x00\x07\t\x00\x10barad-dur"The Dark Tower"'"
[minastirith] 	Sending message to Host ID #10 "b'\x00\x00\x00\x00\x0b\x00\x00\x00\x07\t\x00\x10barad-dur"The Dark Tower"'"
[lothlorien] 	Received message from Host ID #11 "b'\x00\x00\x00\x00\x0b\x00\x00\x00\x07\t\x00\x10barad-dur"The Dark Tower"'"
[osgiliath] 	Received message from Host ID #11 "b'\x00\x00\x00\x00\x0b\x00\x00\x00\x07\t\x00\x10barad-dur"The Dark Tower"'"
[barad-dur] 	Received message from Host ID #7 "b'\x00\x00\x00\x00\x07\x00\x00\x00\x07\x0b\x00\x10minastirith"Tower of Guard"'"
[lothlorien] 	Sending message to Host ID #2 "b'\x00\x00\x00\x00\x0b\x00\x00\x00\x04\t\x00\x10barad-dur"The Dark Tower"'"
[barad-dur] 	Received message from Host ID #4 "b'\x00\x00\x00\x00\x04\x00\x00\x00\x07\n\x00\x11lothlorien"The Golden Wood"'"
[lothlorien] 	Sending message to Host ID #6 "b'\x00\x00\x00\x00\x0b\x00\x00\x00\x04\t\x00\x10barad-dur"The Dark Tower"'"
[barad-dur] 	Received message from Host ID #2 "b'\x00\x00\x00\x00\x02\x00\x00\x00\x07\t\x00\x0frivendale"Elronds House"'"
[rivendale] 	Received message from Host ID #11 "b'\x00\x00\x00\x00\x0b\x00\x00\x00\x04\t\x00\x10barad-dur"The Dark Tower"'"
[barad-dur] 	Received message from Host ID #1 "b'\x00\x00\x00\x00\x01\x00\x00\x00\x07\x08\x00\x15theshire"Home of the Hobbits"'"
[edoras] 	Received message from Host ID #11 "b'\x00\x00\x00\x00\x0b\x00\x00\x00\x04\t\x00\x10barad-dur"The Dark Tower"'"
[rivendale] 	Sending message to Host ID #1 "b'\x00\x00\x00\x00\x0b\x00\x00\x00\x02\t\x00\x10barad-dur"The Dark Tower"'"
[barad-dur] 	Received message from Host ID #3 "b'\x00\x00\x00\x00\x03\x00\x00\x00\x07\x0b\x00\x1cgrey_havens"Gates to the Blessed Realm"'"
[edoras] 	Sending message to Host ID #9 "b'\x00\x00\x00\x00\x0b\x00\x00\x00\x06\t\x00\x10barad-dur"The Dark Tower"'"
[rivendale] 	Sending message to Host ID #5 "b'\x00\x00\x00\x00\x0b\x00\x00\x00\x02\t\x00\x10barad-dur"The Dark Tower"'"
[barad-dur] 	Received message from Host ID #5 "b'\x00\x00\x00\x00\x05\x00\x00\x00\x07\x05\x00\x0fmoria"The Black Pit"'"
[isengard] 	Received message from Host ID #11 "b'\x00\x00\x00\x00\x0b\x00\x00\x00\x06\t\x00\x10barad-dur"The Dark Tower"'"
[rivendale] 	Sending message to Host ID #8 "b'\x00\x00\x00\x00\x0b\x00\x00\x00\x02\t\x00\x10barad-dur"The Dark Tower"'"
[barad-dur] 	Received message from Host ID #6 "b'\x00\x00\x00\x00\x06\x00\x00\x00\x07\x06\x00%edoras"Home of the Golden Hall of Meduseld"'"
[barad-dur] 	Received message from Host ID #8 "b'\x00\x00\x00\x00\x08\x00\x00\x00\x07\x08\x00\x15mirkwood"Wood of Greenleaves"'"
[moria] 	Received message from Host ID #11 "b'\x00\x00\x00\x00\x0b\x00\x00\x00\x02\t\x00\x10barad-dur"The Dark Tower"'"
[theshire] 	Received message from Host ID #11 "b'\x00\x00\x00\x00\x0b\x00\x00\x00\x02\t\x00\x10barad-dur"The Dark Tower"'"
[mirkwood] 	Received message from Host ID #11 "b'\x00\x00\x00\x00\x0b\x00\x00\x00\x02\t\x00\x10barad-dur"The Dark Tower"'"
[barad-dur] 	Received message from Host ID #9 "b'\x00\x00\x00\x00\t\x00\x00\x00\x07\x08\x00\x1disengard"Angrenost, The Iron Fortres"'"
[theshire] 	Sending message to Host ID #3 "b'\x00\x00\x00\x00\x0b\x00\x00\x00\x01\t\x00\x10barad-dur"The Dark Tower"'"
[barad-dur] 	Received message from Host ID #10 "b'\x00\x00\x00\x00\n\x00\x00\x00\x07\t\x00\x16osgiliath"Citadel of the Stars"'"
[grey_havens] 	Received message from Host ID #11 "b'\x00\x00\x00\x00\x0b\x00\x00\x00\x01\t\x00\x10barad-dur"The Dark Tower"'"
[theshire] 	Cleaning up the server
[rivendale] 	Cleaning up the server
[grey_havens] 	Cleaning up the server
[lothlorien] 	Cleaning up the server
[moria] 	Cleaning up the server
[edoras] 	Cleaning up the server
[minastirith] 	Cleaning up the server
[mirkwood] 	Cleaning up the server
[isengard] 	Cleaning up the server
[osgiliath] 	Cleaning up the server
[barad-dur] 	Cleaning up the server

Test passed:True
