
##############################################
Beginning test 3_4_ElevenServers_EightClients

*CMD.........	Starting --id 1 --servername theshire --port 33401 --info "Home of the Hobbits" --log-file theshire.log
[theshire] 	Launching server theshire...
*CMD.........	Waiting... 1.0
[theshire] 	Configuring the server socket...
[theshire] 	Listening for new connections on port 33401
*CMD.........	Starting --id 2 --servername rivendale --port 33402 --info "Elronds House" --log-file rivendale.log --connect_to_host theshire --connect_to_port 33401
[rivendale] 	Launching server rivendale...
*CMD.........	Waiting... 1.0
[rivendale] 	Configuring the server socket...
[rivendale] 	Connecting to remote server theshire:33401...
[rivendale] 	Listening for new connections on port 33402
[theshire] 	Received message from Host ID #2 "b'\x00\x00\x00\x00\x02\x00\x00\x00\x00\t\x00\x0frivendale"Elronds House"'"
[theshire] 	Sending message to Host ID #2 "b'\x00\x00\x00\x00\x01\x00\x00\x00\x01\x08\x00\x15theshire"Home of the Hobbits"'"
[rivendale] 	Received message from Host ID #1 "b'\x00\x00\x00\x00\x01\x00\x00\x00\x01\x08\x00\x15theshire"Home of the Hobbits"'"
*CMD.........	Starting --id 101 --serverhost theshire --serverport 33401 --username frodobaggins --info "Test info" --log-file frodobaggins.log
[frodobaggins] 	Launching client frodobaggins...
*CMD.........	Waiting... 1.0
[frodobaggins] 	Sending message to b'\x80\x00\x00\x00e\x00\x00\x00\x00\x0c\x00\x0bfrodobaggins"Test info"'
[theshire] 	Received message from Host ID #101 "b'\x80\x00\x00\x00e\x00\x00\x00\x00\x0c\x00\x0bfrodobaggins"Test info"'"
[theshire] 	Sending message to Host ID #2 "b'\x80\x00\x00\x00e\x00\x00\x00\x01\x0c\x00\x0bfrodobaggins"Test info"'"
[theshire] 	Sending message to Host ID #101 "b'\x01\x00\x00\x00\x01\x00\x00\x00\x00\x00\x00\x00\x00\x006Welcome to the Clemson Relay Chat network frodobaggins'"
[rivendale] 	Received message from Host ID #101 "b'\x80\x00\x00\x00e\x00\x00\x00\x01\x0c\x00\x0bfrodobaggins"Test info"'"
[frodobaggins] 	Received message from Host ID #1 "b'\x01\x00\x00\x00\x01\x00\x00\x00\x00\x00\x00\x00\x00\x006Welcome to the Clemson Relay Chat network frodobaggins'"
*CMD.........	Starting --id 3 --servername grey_havens --port 33403 --info "Gates to the Blessed Realm" --log-file grey_havens.log --connect_to_host theshire --connect_to_port 33401
[grey_havens] 	Launching server grey_havens...
*CMD.........	Waiting... 1.0
[grey_havens] 	Configuring the server socket...
[grey_havens] 	Connecting to remote server theshire:33401...
[grey_havens] 	Listening for new connections on port 33403
[theshire] 	Received message from Host ID #3 "b'\x00\x00\x00\x00\x03\x00\x00\x00\x00\x0b\x00\x1cgrey_havens"Gates to the Blessed Realm"'"
[theshire] 	Sending message to Host ID #3 "b'\x00\x00\x00\x00\x01\x00\x00\x00\x01\x08\x00\x15theshire"Home of the Hobbits"'"
[theshire] 	Sending message to Host ID #3 "b'\x00\x00\x00\x00\x02\x00\x00\x00\x01\t\x00\x0frivendale"Elronds House"'"
[theshire] 	Sending message to Host ID #3 "b'\x80\x00\x00\x00e\x00\x00\x00\x01\x0c\x00\x0bfrodobaggins"Test info"'"
[theshire] 	Sending message to Host ID #2 "b'\x00\x00\x00\x00\x03\x00\x00\x00\x01\x0b\x00\x1cgrey_havens"Gates to the Blessed Realm"'"
[rivendale] 	Received message from Host ID #3 "b'\x00\x00\x00\x00\x03\x00\x00\x00\x01\x0b\x00\x1cgrey_havens"Gates to the Blessed Realm"'"
[grey_havens] 	Received message from Host ID #1 "b'\x00\x00\x00\x00\x01\x00\x00\x00\x01\x08\x00\x15theshire"Home of the Hobbits"'"
[grey_havens] 	Received message from Host ID #2 "b'\x00\x00\x00\x00\x02\x00\x00\x00\x01\t\x00\x0frivendale"Elronds House"'"
[grey_havens] 	Received message from Host ID #101 "b'\x80\x00\x00\x00e\x00\x00\x00\x01\x0c\x00\x0bfrodobaggins"Test info"'"
*CMD.........	Starting --id 102 --serverhost theshire --serverport 33401 --username samgamgee --info "Test info" --log-file samgamgee.log
[samgamgee] 	Launching client samgamgee...
*CMD.........	Waiting... 1.0
[samgamgee] 	Sending message to b'\x80\x00\x00\x00f\x00\x00\x00\x00\t\x00\x0bsamgamgee"Test info"'
[theshire] 	Received message from Host ID #102 "b'\x80\x00\x00\x00f\x00\x00\x00\x00\t\x00\x0bsamgamgee"Test info"'"
[theshire] 	Sending message to Host ID #2 "b'\x80\x00\x00\x00f\x00\x00\x00\x01\t\x00\x0bsamgamgee"Test info"'"
[theshire] 	Sending message to Host ID #3 "b'\x80\x00\x00\x00f\x00\x00\x00\x01\t\x00\x0bsamgamgee"Test info"'"
[theshire] 	Sending message to Host ID #102 "b'\x01\x00\x00\x00\x01\x00\x00\x00\x00\x00\x00\x00\x00\x003Welcome to the Clemson Relay Chat network samgamgee'"
[theshire] 	Sending message to Host ID #102 "b'\x80\x00\x00\x00e\x00\x00\x00\x01\x0c\x00\x0bfrodobaggins"Test info"'"
[theshire] 	Sending message to Host ID #101 "b'\x80\x00\x00\x00f\x00\x00\x00\x01\t\x00\x0bsamgamgee"Test info"'"
[rivendale] 	Received message from Host ID #102 "b'\x80\x00\x00\x00f\x00\x00\x00\x01\t\x00\x0bsamgamgee"Test info"'"
[grey_havens] 	Received message from Host ID #102 "b'\x80\x00\x00\x00f\x00\x00\x00\x01\t\x00\x0bsamgamgee"Test info"'"
[samgamgee] 	Received message from Host ID #1 "b'\x01\x00\x00\x00\x01\x00\x00\x00\x00\x00\x00\x00\x00\x003Welcome to the Clemson Relay Chat network samgamgee'"
[frodobaggins] 	Received message from Host ID #102 "b'\x80\x00\x00\x00f\x00\x00\x00\x01\t\x00\x0bsamgamgee"Test info"'"
[samgamgee] 	Received message from Host ID #101 "b'\x80\x00\x00\x00e\x00\x00\x00\x01\x0c\x00\x0bfrodobaggins"Test info"'"
*CMD.........	Starting --id 103 --serverhost rivendale --serverport 33402 --username elrond --info "Test info" --log-file elrond.log
[elrond] 	Launching client elrond...
*CMD.........	Waiting... 1.0
[elrond] 	Sending message to b'\x80\x00\x00\x00g\x00\x00\x00\x00\x06\x00\x0belrond"Test info"'
[rivendale] 	Received message from Host ID #103 "b'\x80\x00\x00\x00g\x00\x00\x00\x00\x06\x00\x0belrond"Test info"'"
[rivendale] 	Sending message to Host ID #1 "b'\x80\x00\x00\x00g\x00\x00\x00\x02\x06\x00\x0belrond"Test info"'"
[rivendale] 	Sending message to Host ID #103 "b'\x01\x00\x00\x00\x02\x00\x00\x00\x00\x00\x00\x00\x00\x000Welcome to the Clemson Relay Chat network elrond'"
[rivendale] 	Sending message to Host ID #103 "b'\x80\x00\x00\x00e\x00\x00\x00\x02\x0c\x00\x0bfrodobaggins"Test info"'"
[rivendale] 	Sending message to Host ID #103 "b'\x80\x00\x00\x00f\x00\x00\x00\x02\t\x00\x0bsamgamgee"Test info"'"
[theshire] 	Received message from Host ID #103 "b'\x80\x00\x00\x00g\x00\x00\x00\x02\x06\x00\x0belrond"Test info"'"
[elrond] 	Received message from Host ID #2 "b'\x01\x00\x00\x00\x02\x00\x00\x00\x00\x00\x00\x00\x00\x000Welcome to the Clemson Relay Chat network elrond'"
[theshire] 	Sending message to Host ID #3 "b'\x80\x00\x00\x00g\x00\x00\x00\x01\x06\x00\x0belrond"Test info"'"
[elrond] 	Received message from Host ID #101 "b'\x80\x00\x00\x00e\x00\x00\x00\x02\x0c\x00\x0bfrodobaggins"Test info"'"
[theshire] 	Sending message to Host ID #101 "b'\x80\x00\x00\x00g\x00\x00\x00\x01\x06\x00\x0belrond"Test info"'"
[elrond] 	Received message from Host ID #102 "b'\x80\x00\x00\x00f\x00\x00\x00\x02\t\x00\x0bsamgamgee"Test info"'"
[theshire] 	Sending message to Host ID #102 "b'\x80\x00\x00\x00g\x00\x00\x00\x01\x06\x00\x0belrond"Test info"'"
[samgamgee] 	Received message from Host ID #103 "b'\x80\x00\x00\x00g\x00\x00\x00\x01\x06\x00\x0belrond"Test info"'"
[grey_havens] 	Received message from Host ID #103 "b'\x80\x00\x00\x00g\x00\x00\x00\x01\x06\x00\x0belrond"Test info"'"
[frodobaggins] 	Received message from Host ID #103 "b'\x80\x00\x00\x00g\x00\x00\x00\x01\x06\x00\x0belrond"Test info"'"
*CMD.........	Starting --id 104 --serverhost grey_havens --serverport 33403 --username bilbobaggins --info "Test info" --log-file bilbobaggins.log
[bilbobaggins] 	Launching client bilbobaggins...
*CMD.........	Waiting... 1.0
[bilbobaggins] 	Sending message to b'\x80\x00\x00\x00h\x00\x00\x00\x00\x0c\x00\x0bbilbobaggins"Test info"'
[grey_havens] 	Received message from Host ID #104 "b'\x80\x00\x00\x00h\x00\x00\x00\x00\x0c\x00\x0bbilbobaggins"Test info"'"
[grey_havens] 	Sending message to Host ID #1 "b'\x80\x00\x00\x00h\x00\x00\x00\x03\x0c\x00\x0bbilbobaggins"Test info"'"
[grey_havens] 	Sending message to Host ID #104 "b'\x01\x00\x00\x00\x03\x00\x00\x00\x00\x00\x00\x00\x00\x006Welcome to the Clemson Relay Chat network bilbobaggins'"
[grey_havens] 	Sending message to Host ID #104 "b'\x80\x00\x00\x00e\x00\x00\x00\x03\x0c\x00\x0bfrodobaggins"Test info"'"
[grey_havens] 	Sending message to Host ID #104 "b'\x80\x00\x00\x00f\x00\x00\x00\x03\t\x00\x0bsamgamgee"Test info"'"
[grey_havens] 	Sending message to Host ID #104 "b'\x80\x00\x00\x00g\x00\x00\x00\x03\x06\x00\x0belrond"Test info"'"
[bilbobaggins] 	Received message from Host ID #3 "b'\x01\x00\x00\x00\x03\x00\x00\x00\x00\x00\x00\x00\x00\x006Welcome to the Clemson Relay Chat network bilbobaggins'"
[theshire] 	Received message from Host ID #104 "b'\x80\x00\x00\x00h\x00\x00\x00\x03\x0c\x00\x0bbilbobaggins"Test info"'"
[bilbobaggins] 	Received message from Host ID #101 "b'\x80\x00\x00\x00e\x00\x00\x00\x03\x0c\x00\x0bfrodobaggins"Test info"'"
[theshire] 	Sending message to Host ID #2 "b'\x80\x00\x00\x00h\x00\x00\x00\x01\x0c\x00\x0bbilbobaggins"Test info"'"
[bilbobaggins] 	Received message from Host ID #102 "b'\x80\x00\x00\x00f\x00\x00\x00\x03\t\x00\x0bsamgamgee"Test info"'"
[theshire] 	Sending message to Host ID #101 "b'\x80\x00\x00\x00h\x00\x00\x00\x01\x0c\x00\x0bbilbobaggins"Test info"'"
[bilbobaggins] 	Received message from Host ID #103 "b'\x80\x00\x00\x00g\x00\x00\x00\x03\x06\x00\x0belrond"Test info"'"
[theshire] 	Sending message to Host ID #102 "b'\x80\x00\x00\x00h\x00\x00\x00\x01\x0c\x00\x0bbilbobaggins"Test info"'"
[rivendale] 	Received message from Host ID #104 "b'\x80\x00\x00\x00h\x00\x00\x00\x01\x0c\x00\x0bbilbobaggins"Test info"'"
[samgamgee] 	Received message from Host ID #104 "b'\x80\x00\x00\x00h\x00\x00\x00\x01\x0c\x00\x0bbilbobaggins"Test info"'"
[frodobaggins] 	Received message from Host ID #104 "b'\x80\x00\x00\x00h\x00\x00\x00\x01\x0c\x00\x0bbilbobaggins"Test info"'"
[rivendale] 	Sending message to Host ID #103 "b'\x80\x00\x00\x00h\x00\x00\x00\x02\x0c\x00\x0bbilbobaggins"Test info"'"
[elrond] 	Received message from Host ID #104 "b'\x80\x00\x00\x00h\x00\x00\x00\x02\x0c\x00\x0bbilbobaggins"Test info"'"
*CMD.........	Starting --id 4 --servername lothlorien --port 33404 --info "The Golden Wood" --log-file lothlorien.log --connect_to_host rivendale --connect_to_port 33402
[lothlorien] 	Launching server lothlorien...
*CMD.........	Waiting... 1.0
[lothlorien] 	Configuring the server socket...
[lothlorien] 	Connecting to remote server rivendale:33402...
[lothlorien] 	Listening for new connections on port 33404
[rivendale] 	Received message from Host ID #4 "b'\x00\x00\x00\x00\x04\x00\x00\x00\x00\n\x00\x11lothlorien"The Golden Wood"'"
[rivendale] 	Sending message to Host ID #4 "b'\x00\x00\x00\x00\x02\x00\x00\x00\x02\t\x00\x0frivendale"Elronds House"'"
[rivendale] 	Sending message to Host ID #4 "b'\x00\x00\x00\x00\x01\x00\x00\x00\x02\x08\x00\x15theshire"Home of the Hobbits"'"
[rivendale] 	Sending message to Host ID #4 "b'\x80\x00\x00\x00e\x00\x00\x00\x02\x0c\x00\x0bfrodobaggins"Test info"'"
[rivendale] 	Sending message to Host ID #4 "b'\x00\x00\x00\x00\x03\x00\x00\x00\x02\x0b\x00\x1cgrey_havens"Gates to the Blessed Realm"'"
[rivendale] 	Sending message to Host ID #4 "b'\x80\x00\x00\x00f\x00\x00\x00\x02\t\x00\x0bsamgamgee"Test info"'"
[rivendale] 	Sending message to Host ID #4 "b'\x80\x00\x00\x00g\x00\x00\x00\x02\x06\x00\x0belrond"Test info"'"
[rivendale] 	Sending message to Host ID #4 "b'\x80\x00\x00\x00h\x00\x00\x00\x02\x0c\x00\x0bbilbobaggins"Test info"'"
[rivendale] 	Sending message to Host ID #1 "b'\x00\x00\x00\x00\x04\x00\x00\x00\x02\n\x00\x11lothlorien"The Golden Wood"'"
[theshire] 	Received message from Host ID #4 "b'\x00\x00\x00\x00\x04\x00\x00\x00\x02\n\x00\x11lothlorien"The Golden Wood"'"
[lothlorien] 	Received message from Host ID #2 "b'\x00\x00\x00\x00\x02\x00\x00\x00\x02\t\x00\x0frivendale"Elronds House"'"
[theshire] 	Sending message to Host ID #3 "b'\x00\x00\x00\x00\x04\x00\x00\x00\x01\n\x00\x11lothlorien"The Golden Wood"'"
[lothlorien] 	Received message from Host ID #1 "b'\x00\x00\x00\x00\x01\x00\x00\x00\x02\x08\x00\x15theshire"Home of the Hobbits"'"
[lothlorien] 	Received message from Host ID #101 "b'\x80\x00\x00\x00e\x00\x00\x00\x02\x0c\x00\x0bfrodobaggins"Test info"'"
[grey_havens] 	Received message from Host ID #4 "b'\x00\x00\x00\x00\x04\x00\x00\x00\x01\n\x00\x11lothlorien"The Golden Wood"'"
[lothlorien] 	Received message from Host ID #3 "b'\x00\x00\x00\x00\x03\x00\x00\x00\x02\x0b\x00\x1cgrey_havens"Gates to the Blessed Realm"'"
[lothlorien] 	Received message from Host ID #102 "b'\x80\x00\x00\x00f\x00\x00\x00\x02\t\x00\x0bsamgamgee"Test info"'"
[lothlorien] 	Received message from Host ID #103 "b'\x80\x00\x00\x00g\x00\x00\x00\x02\x06\x00\x0belrond"Test info"'"
[lothlorien] 	Received message from Host ID #104 "b'\x80\x00\x00\x00h\x00\x00\x00\x02\x0c\x00\x0bbilbobaggins"Test info"'"
*CMD.........	Starting --id 5 --servername moria --port 33405 --info "The Black Pit" --log-file moria.log --connect_to_host rivendale --connect_to_port 33402
[moria] 	Launching server moria...
*CMD.........	Waiting... 1.0
[moria] 	Configuring the server socket...
[moria] 	Connecting to remote server rivendale:33402...
[moria] 	Listening for new connections on port 33405
[rivendale] 	Received message from Host ID #5 "b'\x00\x00\x00\x00\x05\x00\x00\x00\x00\x05\x00\x0fmoria"The Black Pit"'"
[rivendale] 	Sending message to Host ID #5 "b'\x00\x00\x00\x00\x02\x00\x00\x00\x02\t\x00\x0frivendale"Elronds House"'"
[rivendale] 	Sending message to Host ID #5 "b'\x00\x00\x00\x00\x01\x00\x00\x00\x02\x08\x00\x15theshire"Home of the Hobbits"'"
[rivendale] 	Sending message to Host ID #5 "b'\x80\x00\x00\x00e\x00\x00\x00\x02\x0c\x00\x0bfrodobaggins"Test info"'"
[rivendale] 	Sending message to Host ID #5 "b'\x00\x00\x00\x00\x03\x00\x00\x00\x02\x0b\x00\x1cgrey_havens"Gates to the Blessed Realm"'"
[rivendale] 	Sending message to Host ID #5 "b'\x80\x00\x00\x00f\x00\x00\x00\x02\t\x00\x0bsamgamgee"Test info"'"
[rivendale] 	Sending message to Host ID #5 "b'\x80\x00\x00\x00g\x00\x00\x00\x02\x06\x00\x0belrond"Test info"'"
[rivendale] 	Sending message to Host ID #5 "b'\x80\x00\x00\x00h\x00\x00\x00\x02\x0c\x00\x0bbilbobaggins"Test info"'"
[rivendale] 	Sending message to Host ID #5 "b'\x00\x00\x00\x00\x04\x00\x00\x00\x02\n\x00\x11lothlorien"The Golden Wood"'"
[rivendale] 	Sending message to Host ID #1 "b'\x00\x00\x00\x00\x05\x00\x00\x00\x02\x05\x00\x0fmoria"The Black Pit"'"
[rivendale] 	Sending message to Host ID #4 "b'\x00\x00\x00\x00\x05\x00\x00\x00\x02\x05\x00\x0fmoria"The Black Pit"'"
[theshire] 	Received message from Host ID #5 "b'\x00\x00\x00\x00\x05\x00\x00\x00\x02\x05\x00\x0fmoria"The Black Pit"'"
[lothlorien] 	Received message from Host ID #5 "b'\x00\x00\x00\x00\x05\x00\x00\x00\x02\x05\x00\x0fmoria"The Black Pit"'"
[moria] 	Received message from Host ID #2 "b'\x00\x00\x00\x00\x02\x00\x00\x00\x02\t\x00\x0frivendale"Elronds House"'"
[theshire] 	Sending message to Host ID #3 "b'\x00\x00\x00\x00\x05\x00\x00\x00\x01\x05\x00\x0fmoria"The Black Pit"'"
[moria] 	Received message from Host ID #1 "b'\x00\x00\x00\x00\x01\x00\x00\x00\x02\x08\x00\x15theshire"Home of the Hobbits"'"
[grey_havens] 	Received message from Host ID #5 "b'\x00\x00\x00\x00\x05\x00\x00\x00\x01\x05\x00\x0fmoria"The Black Pit"'"
[moria] 	Received message from Host ID #101 "b'\x80\x00\x00\x00e\x00\x00\x00\x02\x0c\x00\x0bfrodobaggins"Test info"'"
[moria] 	Received message from Host ID #3 "b'\x00\x00\x00\x00\x03\x00\x00\x00\x02\x0b\x00\x1cgrey_havens"Gates to the Blessed Realm"'"
[moria] 	Received message from Host ID #102 "b'\x80\x00\x00\x00f\x00\x00\x00\x02\t\x00\x0bsamgamgee"Test info"'"
[moria] 	Received message from Host ID #103 "b'\x80\x00\x00\x00g\x00\x00\x00\x02\x06\x00\x0belrond"Test info"'"
[moria] 	Received message from Host ID #104 "b'\x80\x00\x00\x00h\x00\x00\x00\x02\x0c\x00\x0bbilbobaggins"Test info"'"
[moria] 	Received message from Host ID #4 "b'\x00\x00\x00\x00\x04\x00\x00\x00\x02\n\x00\x11lothlorien"The Golden Wood"'"
*CMD.........	Starting --id 6 --servername edoras --port 33406 --info "Home of the Golden Hall of Meduseld" --log-file edoras.log --connect_to_host lothlorien --connect_to_port 33404
[edoras] 	Launching server edoras...
*CMD.........	Waiting... 1.0
[edoras] 	Configuring the server socket...
[edoras] 	Connecting to remote server lothlorien:33404...
[edoras] 	Listening for new connections on port 33406
[lothlorien] 	Received message from Host ID #6 "b'\x00\x00\x00\x00\x06\x00\x00\x00\x00\x06\x00%edoras"Home of the Golden Hall of Meduseld"'"
[lothlorien] 	Sending message to Host ID #6 "b'\x00\x00\x00\x00\x04\x00\x00\x00\x04\n\x00\x11lothlorien"The Golden Wood"'"
[lothlorien] 	Sending message to Host ID #6 "b'\x00\x00\x00\x00\x02\x00\x00\x00\x04\t\x00\x0frivendale"Elronds House"'"
[lothlorien] 	Sending message to Host ID #6 "b'\x00\x00\x00\x00\x01\x00\x00\x00\x04\x08\x00\x15theshire"Home of the Hobbits"'"
[lothlorien] 	Sending message to Host ID #6 "b'\x80\x00\x00\x00e\x00\x00\x00\x04\x0c\x00\x0bfrodobaggins"Test info"'"
[lothlorien] 	Sending message to Host ID #6 "b'\x00\x00\x00\x00\x03\x00\x00\x00\x04\x0b\x00\x1cgrey_havens"Gates to the Blessed Realm"'"
[lothlorien] 	Sending message to Host ID #6 "b'\x80\x00\x00\x00f\x00\x00\x00\x04\t\x00\x0bsamgamgee"Test info"'"
[lothlorien] 	Sending message to Host ID #6 "b'\x80\x00\x00\x00g\x00\x00\x00\x04\x06\x00\x0belrond"Test info"'"
[lothlorien] 	Sending message to Host ID #6 "b'\x80\x00\x00\x00h\x00\x00\x00\x04\x0c\x00\x0bbilbobaggins"Test info"'"
[lothlorien] 	Sending message to Host ID #6 "b'\x00\x00\x00\x00\x05\x00\x00\x00\x04\x05\x00\x0fmoria"The Black Pit"'"
[lothlorien] 	Sending message to Host ID #2 "b'\x00\x00\x00\x00\x06\x00\x00\x00\x04\x06\x00%edoras"Home of the Golden Hall of Meduseld"'"
[rivendale] 	Received message from Host ID #6 "b'\x00\x00\x00\x00\x06\x00\x00\x00\x04\x06\x00%edoras"Home of the Golden Hall of Meduseld"'"
[edoras] 	Received message from Host ID #4 "b'\x00\x00\x00\x00\x04\x00\x00\x00\x04\n\x00\x11lothlorien"The Golden Wood"'"
[rivendale] 	Sending message to Host ID #1 "b'\x00\x00\x00\x00\x06\x00\x00\x00\x02\x06\x00%edoras"Home of the Golden Hall of Meduseld"'"
[edoras] 	Received message from Host ID #2 "b'\x00\x00\x00\x00\x02\x00\x00\x00\x04\t\x00\x0frivendale"Elronds House"'"
[rivendale] 	Sending message to Host ID #5 "b'\x00\x00\x00\x00\x06\x00\x00\x00\x02\x06\x00%edoras"Home of the Golden Hall of Meduseld"'"
[edoras] 	Received message from Host ID #1 "b'\x00\x00\x00\x00\x01\x00\x00\x00\x04\x08\x00\x15theshire"Home of the Hobbits"'"
[edoras] 	Received message from Host ID #101 "b'\x80\x00\x00\x00e\x00\x00\x00\x04\x0c\x00\x0bfrodobaggins"Test info"'"
[theshire] 	Received message from Host ID #6 "b'\x00\x00\x00\x00\x06\x00\x00\x00\x02\x06\x00%edoras"Home of the Golden Hall of Meduseld"'"
[moria] 	Received message from Host ID #6 "b'\x00\x00\x00\x00\x06\x00\x00\x00\x02\x06\x00%edoras"Home of the Golden Hall of Meduseld"'"
[edoras] 	Received message from Host ID #3 "b'\x00\x00\x00\x00\x03\x00\x00\x00\x04\x0b\x00\x1cgrey_havens"Gates to the Blessed Realm"'"
[theshire] 	Sending message to Host ID #3 "b'\x00\x00\x00\x00\x06\x00\x00\x00\x01\x06\x00%edoras"Home of the Golden Hall of Meduseld"'"
[edoras] 	Received message from Host ID #102 "b'\x80\x00\x00\x00f\x00\x00\x00\x04\t\x00\x0bsamgamgee"Test info"'"
[grey_havens] 	Received message from Host ID #6 "b'\x00\x00\x00\x00\x06\x00\x00\x00\x01\x06\x00%edoras"Home of the Golden Hall of Meduseld"'"
[edoras] 	Received message from Host ID #103 "b'\x80\x00\x00\x00g\x00\x00\x00\x04\x06\x00\x0belrond"Test info"'"
[edoras] 	Received message from Host ID #104 "b'\x80\x00\x00\x00h\x00\x00\x00\x04\x0c\x00\x0bbilbobaggins"Test info"'"
[edoras] 	Received message from Host ID #5 "b'\x00\x00\x00\x00\x05\x00\x00\x00\x04\x05\x00\x0fmoria"The Black Pit"'"
*CMD.........	Starting --id 7 --servername minastirith --port 33407 --info "Tower of Guard" --log-file minastirith.log --connect_to_host lothlorien --connect_to_port 33404
[minastirith] 	Launching server minastirith...
*CMD.........	Waiting... 2.0
[minastirith] 	Configuring the server socket...
[minastirith] 	Connecting to remote server lothlorien:33404...
[minastirith] 	Listening for new connections on port 33407
[lothlorien] 	Received message from Host ID #7 "b'\x00\x00\x00\x00\x07\x00\x00\x00\x00\x0b\x00\x10minastirith"Tower of Guard"'"
[lothlorien] 	Sending message to Host ID #7 "b'\x00\x00\x00\x00\x04\x00\x00\x00\x04\n\x00\x11lothlorien"The Golden Wood"'"
[lothlorien] 	Sending message to Host ID #7 "b'\x00\x00\x00\x00\x02\x00\x00\x00\x04\t\x00\x0frivendale"Elronds House"'"
[lothlorien] 	Sending message to Host ID #7 "b'\x00\x00\x00\x00\x01\x00\x00\x00\x04\x08\x00\x15theshire"Home of the Hobbits"'"
[lothlorien] 	Sending message to Host ID #7 "b'\x80\x00\x00\x00e\x00\x00\x00\x04\x0c\x00\x0bfrodobaggins"Test info"'"
[lothlorien] 	Sending message to Host ID #7 "b'\x00\x00\x00\x00\x03\x00\x00\x00\x04\x0b\x00\x1cgrey_havens"Gates to the Blessed Realm"'"
[lothlorien] 	Sending message to Host ID #7 "b'\x80\x00\x00\x00f\x00\x00\x00\x04\t\x00\x0bsamgamgee"Test info"'"
[lothlorien] 	Sending message to Host ID #7 "b'\x80\x00\x00\x00g\x00\x00\x00\x04\x06\x00\x0belrond"Test info"'"
[lothlorien] 	Sending message to Host ID #7 "b'\x80\x00\x00\x00h\x00\x00\x00\x04\x0c\x00\x0bbilbobaggins"Test info"'"
[lothlorien] 	Sending message to Host ID #7 "b'\x00\x00\x00\x00\x05\x00\x00\x00\x04\x05\x00\x0fmoria"The Black Pit"'"
[lothlorien] 	Sending message to Host ID #7 "b'\x00\x00\x00\x00\x06\x00\x00\x00\x04\x06\x00%edoras"Home of the Golden Hall of Meduseld"'"
[lothlorien] 	Sending message to Host ID #2 "b'\x00\x00\x00\x00\x07\x00\x00\x00\x04\x0b\x00\x10minastirith"Tower of Guard"'"
[lothlorien] 	Sending message to Host ID #6 "b'\x00\x00\x00\x00\x07\x00\x00\x00\x04\x0b\x00\x10minastirith"Tower of Guard"'"
[rivendale] 	Received message from Host ID #7 "b'\x00\x00\x00\x00\x07\x00\x00\x00\x04\x0b\x00\x10minastirith"Tower of Guard"'"
[edoras] 	Received message from Host ID #7 "b'\x00\x00\x00\x00\x07\x00\x00\x00\x04\x0b\x00\x10minastirith"Tower of Guard"'"
[minastirith] 	Received message from Host ID #4 "b'\x00\x00\x00\x00\x04\x00\x00\x00\x04\n\x00\x11lothlorien"The Golden Wood"'"
[rivendale] 	Sending message to Host ID #1 "b'\x00\x00\x00\x00\x07\x00\x00\x00\x02\x0b\x00\x10minastirith"Tower of Guard"'"
[minastirith] 	Received message from Host ID #2 "b'\x00\x00\x00\x00\x02\x00\x00\x00\x04\t\x00\x0frivendale"Elronds House"'"
[rivendale] 	Sending message to Host ID #5 "b'\x00\x00\x00\x00\x07\x00\x00\x00\x02\x0b\x00\x10minastirith"Tower of Guard"'"
[minastirith] 	Received message from Host ID #1 "b'\x00\x00\x00\x00\x01\x00\x00\x00\x04\x08\x00\x15theshire"Home of the Hobbits"'"
[moria] 	Received message from Host ID #7 "b'\x00\x00\x00\x00\x07\x00\x00\x00\x02\x0b\x00\x10minastirith"Tower of Guard"'"
[theshire] 	Received message from Host ID #7 "b'\x00\x00\x00\x00\x07\x00\x00\x00\x02\x0b\x00\x10minastirith"Tower of Guard"'"
[minastirith] 	Received message from Host ID #101 "b'\x80\x00\x00\x00e\x00\x00\x00\x04\x0c\x00\x0bfrodobaggins"Test info"'"
[theshire] 	Sending message to Host ID #3 "b'\x00\x00\x00\x00\x07\x00\x00\x00\x01\x0b\x00\x10minastirith"Tower of Guard"'"
[minastirith] 	Received message from Host ID #3 "b'\x00\x00\x00\x00\x03\x00\x00\x00\x04\x0b\x00\x1cgrey_havens"Gates to the Blessed Realm"'"
[minastirith] 	Received message from Host ID #102 "b'\x80\x00\x00\x00f\x00\x00\x00\x04\t\x00\x0bsamgamgee"Test info"'"
[grey_havens] 	Received message from Host ID #7 "b'\x00\x00\x00\x00\x07\x00\x00\x00\x01\x0b\x00\x10minastirith"Tower of Guard"'"
[minastirith] 	Received message from Host ID #103 "b'\x80\x00\x00\x00g\x00\x00\x00\x04\x06\x00\x0belrond"Test info"'"
[minastirith] 	Received message from Host ID #104 "b'\x80\x00\x00\x00h\x00\x00\x00\x04\x0c\x00\x0bbilbobaggins"Test info"'"
[minastirith] 	Received message from Host ID #5 "b'\x00\x00\x00\x00\x05\x00\x00\x00\x04\x05\x00\x0fmoria"The Black Pit"'"
[minastirith] 	Received message from Host ID #6 "b'\x00\x00\x00\x00\x06\x00\x00\x00\x04\x06\x00%edoras"Home of the Golden Hall of Meduseld"'"
*CMD.........	Starting --id 105 --serverhost minastirith --serverport 33407 --username peregrin --info "Test info" --log-file peregrin.log
[peregrin] 	Launching client peregrin...
*CMD.........	Waiting... 1.0
[peregrin] 	Sending message to b'\x80\x00\x00\x00i\x00\x00\x00\x00\x08\x00\x0bperegrin"Test info"'
[minastirith] 	Received message from Host ID #105 "b'\x80\x00\x00\x00i\x00\x00\x00\x00\x08\x00\x0bperegrin"Test info"'"
[minastirith] 	Sending message to Host ID #4 "b'\x80\x00\x00\x00i\x00\x00\x00\x07\x08\x00\x0bperegrin"Test info"'"
[minastirith] 	Sending message to Host ID #105 "b'\x01\x00\x00\x00\x07\x00\x00\x00\x00\x00\x00\x00\x00\x002Welcome to the Clemson Relay Chat network peregrin'"
[minastirith] 	Sending message to Host ID #105 "b'\x80\x00\x00\x00e\x00\x00\x00\x07\x0c\x00\x0bfrodobaggins"Test info"'"
[minastirith] 	Sending message to Host ID #105 "b'\x80\x00\x00\x00f\x00\x00\x00\x07\t\x00\x0bsamgamgee"Test info"'"
[minastirith] 	Sending message to Host ID #105 "b'\x80\x00\x00\x00g\x00\x00\x00\x07\x06\x00\x0belrond"Test info"'"
[minastirith] 	Sending message to Host ID #105 "b'\x80\x00\x00\x00h\x00\x00\x00\x07\x0c\x00\x0bbilbobaggins"Test info"'"
[lothlorien] 	Received message from Host ID #105 "b'\x80\x00\x00\x00i\x00\x00\x00\x07\x08\x00\x0bperegrin"Test info"'"
[peregrin] 	Received message from Host ID #7 "b'\x01\x00\x00\x00\x07\x00\x00\x00\x00\x00\x00\x00\x00\x002Welcome to the Clemson Relay Chat network peregrin'"
[lothlorien] 	Sending message to Host ID #2 "b'\x80\x00\x00\x00i\x00\x00\x00\x04\x08\x00\x0bperegrin"Test info"'"
[peregrin] 	Received message from Host ID #101 "b'\x80\x00\x00\x00e\x00\x00\x00\x07\x0c\x00\x0bfrodobaggins"Test info"'"
[lothlorien] 	Sending message to Host ID #6 "b'\x80\x00\x00\x00i\x00\x00\x00\x04\x08\x00\x0bperegrin"Test info"'"
[peregrin] 	Received message from Host ID #102 "b'\x80\x00\x00\x00f\x00\x00\x00\x07\t\x00\x0bsamgamgee"Test info"'"
[rivendale] 	Received message from Host ID #105 "b'\x80\x00\x00\x00i\x00\x00\x00\x04\x08\x00\x0bperegrin"Test info"'"
[edoras] 	Received message from Host ID #105 "b'\x80\x00\x00\x00i\x00\x00\x00\x04\x08\x00\x0bperegrin"Test info"'"
[peregrin] 	Received message from Host ID #103 "b'\x80\x00\x00\x00g\x00\x00\x00\x07\x06\x00\x0belrond"Test info"'"
[rivendale] 	Sending message to Host ID #1 "b'\x80\x00\x00\x00i\x00\x00\x00\x02\x08\x00\x0bperegrin"Test info"'"
[peregrin] 	Received message from Host ID #104 "b'\x80\x00\x00\x00h\x00\x00\x00\x07\x0c\x00\x0bbilbobaggins"Test info"'"
[rivendale] 	Sending message to Host ID #5 "b'\x80\x00\x00\x00i\x00\x00\x00\x02\x08\x00\x0bperegrin"Test info"'"
[rivendale] 	Sending message to Host ID #103 "b'\x80\x00\x00\x00i\x00\x00\x00\x02\x08\x00\x0bperegrin"Test info"'"
[elrond] 	Received message from Host ID #105 "b'\x80\x00\x00\x00i\x00\x00\x00\x02\x08\x00\x0bperegrin"Test info"'"
[moria] 	Received message from Host ID #105 "b'\x80\x00\x00\x00i\x00\x00\x00\x02\x08\x00\x0bperegrin"Test info"'"
[theshire] 	Received message from Host ID #105 "b'\x80\x00\x00\x00i\x00\x00\x00\x02\x08\x00\x0bperegrin"Test info"'"
[theshire] 	Sending message to Host ID #3 "b'\x80\x00\x00\x00i\x00\x00\x00\x01\x08\x00\x0bperegrin"Test info"'"
[theshire] 	Sending message to Host ID #101 "b'\x80\x00\x00\x00i\x00\x00\x00\x01\x08\x00\x0bperegrin"Test info"'"
[theshire] 	Sending message to Host ID #102 "b'\x80\x00\x00\x00i\x00\x00\x00\x01\x08\x00\x0bperegrin"Test info"'"
[samgamgee] 	Received message from Host ID #105 "b'\x80\x00\x00\x00i\x00\x00\x00\x01\x08\x00\x0bperegrin"Test info"'"
[frodobaggins] 	Received message from Host ID #105 "b'\x80\x00\x00\x00i\x00\x00\x00\x01\x08\x00\x0bperegrin"Test info"'"
[grey_havens] 	Received message from Host ID #105 "b'\x80\x00\x00\x00i\x00\x00\x00\x01\x08\x00\x0bperegrin"Test info"'"
[grey_havens] 	Sending message to Host ID #104 "b'\x80\x00\x00\x00i\x00\x00\x00\x03\x08\x00\x0bperegrin"Test info"'"
[bilbobaggins] 	Received message from Host ID #105 "b'\x80\x00\x00\x00i\x00\x00\x00\x03\x08\x00\x0bperegrin"Test info"'"
*CMD.........	Starting --id 8 --servername mirkwood --port 33408 --info "Wood of Greenleaves" --log-file mirkwood.log --connect_to_host rivendale --connect_to_port 33402
[mirkwood] 	Launching server mirkwood...
*CMD.........	Waiting... 1.0
[mirkwood] 	Configuring the server socket...
[mirkwood] 	Connecting to remote server rivendale:33402...
[mirkwood] 	Listening for new connections on port 33408
[rivendale] 	Received message from Host ID #8 "b'\x00\x00\x00\x00\x08\x00\x00\x00\x00\x08\x00\x15mirkwood"Wood of Greenleaves"'"
[rivendale] 	Sending message to Host ID #8 "b'\x00\x00\x00\x00\x02\x00\x00\x00\x02\t\x00\x0frivendale"Elronds House"'"
[rivendale] 	Sending message to Host ID #8 "b'\x00\x00\x00\x00\x01\x00\x00\x00\x02\x08\x00\x15theshire"Home of the Hobbits"'"
[rivendale] 	Sending message to Host ID #8 "b'\x80\x00\x00\x00e\x00\x00\x00\x02\x0c\x00\x0bfrodobaggins"Test info"'"
[rivendale] 	Sending message to Host ID #8 "b'\x00\x00\x00\x00\x03\x00\x00\x00\x02\x0b\x00\x1cgrey_havens"Gates to the Blessed Realm"'"
[rivendale] 	Sending message to Host ID #8 "b'\x80\x00\x00\x00f\x00\x00\x00\x02\t\x00\x0bsamgamgee"Test info"'"
[rivendale] 	Sending message to Host ID #8 "b'\x80\x00\x00\x00g\x00\x00\x00\x02\x06\x00\x0belrond"Test info"'"
[rivendale] 	Sending message to Host ID #8 "b'\x80\x00\x00\x00h\x00\x00\x00\x02\x0c\x00\x0bbilbobaggins"Test info"'"
[rivendale] 	Sending message to Host ID #8 "b'\x00\x00\x00\x00\x04\x00\x00\x00\x02\n\x00\x11lothlorien"The Golden Wood"'"
[rivendale] 	Sending message to Host ID #8 "b'\x00\x00\x00\x00\x05\x00\x00\x00\x02\x05\x00\x0fmoria"The Black Pit"'"
[rivendale] 	Sending message to Host ID #8 "b'\x00\x00\x00\x00\x06\x00\x00\x00\x02\x06\x00%edoras"Home of the Golden Hall of Meduseld"'"
[rivendale] 	Sending message to Host ID #8 "b'\x00\x00\x00\x00\x07\x00\x00\x00\x02\x0b\x00\x10minastirith"Tower of Guard"'"
[rivendale] 	Sending message to Host ID #8 "b'\x80\x00\x00\x00i\x00\x00\x00\x02\x08\x00\x0bperegrin"Test info"'"
[rivendale] 	Sending message to Host ID #1 "b'\x00\x00\x00\x00\x08\x00\x00\x00\x02\x08\x00\x15mirkwood"Wood of Greenleaves"'"
[rivendale] 	Sending message to Host ID #4 "b'\x00\x00\x00\x00\x08\x00\x00\x00\x02\x08\x00\x15mirkwood"Wood of Greenleaves"'"
[rivendale] 	Sending message to Host ID #5 "b'\x00\x00\x00\x00\x08\x00\x00\x00\x02\x08\x00\x15mirkwood"Wood of Greenleaves"'"
[theshire] 	Received message from Host ID #8 "b'\x00\x00\x00\x00\x08\x00\x00\x00\x02\x08\x00\x15mirkwood"Wood of Greenleaves"'"
[moria] 	Received message from Host ID #8 "b'\x00\x00\x00\x00\x08\x00\x00\x00\x02\x08\x00\x15mirkwood"Wood of Greenleaves"'"
[lothlorien] 	Received message from Host ID #8 "b'\x00\x00\x00\x00\x08\x00\x00\x00\x02\x08\x00\x15mirkwood"Wood of Greenleaves"'"[mirkwood] 	Received message from Host ID #2 "b'\x00\x00\x00\x00\x02\x00\x00\x00\x02\t\x00\x0frivendale"Elronds House"'"

[theshire] 	Sending message to Host ID #3 "b'\x00\x00\x00\x00\x08\x00\x00\x00\x01\x08\x00\x15mirkwood"Wood of Greenleaves"'"
[mirkwood] 	Received message from Host ID #1 "b'\x00\x00\x00\x00\x01\x00\x00\x00\x02\x08\x00\x15theshire"Home of the Hobbits"'"
[lothlorien] 	Sending message to Host ID #6 "b'\x00\x00\x00\x00\x08\x00\x00\x00\x04\x08\x00\x15mirkwood"Wood of Greenleaves"'"
[grey_havens] 	Received message from Host ID #8 "b'\x00\x00\x00\x00\x08\x00\x00\x00\x01\x08\x00\x15mirkwood"Wood of Greenleaves"'"
[mirkwood] 	Received message from Host ID #101 "b'\x80\x00\x00\x00e\x00\x00\x00\x02\x0c\x00\x0bfrodobaggins"Test info"'"
[lothlorien] 	Sending message to Host ID #7 "b'\x00\x00\x00\x00\x08\x00\x00\x00\x04\x08\x00\x15mirkwood"Wood of Greenleaves"'"
[mirkwood] 	Received message from Host ID #3 "b'\x00\x00\x00\x00\x03\x00\x00\x00\x02\x0b\x00\x1cgrey_havens"Gates to the Blessed Realm"'"
[edoras] 	Received message from Host ID #8 "b'\x00\x00\x00\x00\x08\x00\x00\x00\x04\x08\x00\x15mirkwood"Wood of Greenleaves"'"
[minastirith] 	Received message from Host ID #8 "b'\x00\x00\x00\x00\x08\x00\x00\x00\x04\x08\x00\x15mirkwood"Wood of Greenleaves"'"
[mirkwood] 	Received message from Host ID #102 "b'\x80\x00\x00\x00f\x00\x00\x00\x02\t\x00\x0bsamgamgee"Test info"'"
[mirkwood] 	Received message from Host ID #103 "b'\x80\x00\x00\x00g\x00\x00\x00\x02\x06\x00\x0belrond"Test info"'"
[mirkwood] 	Received message from Host ID #104 "b'\x80\x00\x00\x00h\x00\x00\x00\x02\x0c\x00\x0bbilbobaggins"Test info"'"
[mirkwood] 	Received message from Host ID #4 "b'\x00\x00\x00\x00\x04\x00\x00\x00\x02\n\x00\x11lothlorien"The Golden Wood"'"
[mirkwood] 	Received message from Host ID #5 "b'\x00\x00\x00\x00\x05\x00\x00\x00\x02\x05\x00\x0fmoria"The Black Pit"'"
[mirkwood] 	Received message from Host ID #6 "b'\x00\x00\x00\x00\x06\x00\x00\x00\x02\x06\x00%edoras"Home of the Golden Hall of Meduseld"'"
[mirkwood] 	Received message from Host ID #7 "b'\x00\x00\x00\x00\x07\x00\x00\x00\x02\x0b\x00\x10minastirith"Tower of Guard"'"
[mirkwood] 	Received message from Host ID #105 "b'\x80\x00\x00\x00i\x00\x00\x00\x02\x08\x00\x0bperegrin"Test info"'"
*CMD.........	Starting --id 106 --serverhost edoras --serverport 33406 --username meriadoc --info "Test info" --log-file meriadoc.log
[meriadoc] 	Launching client meriadoc...
*CMD.........	Waiting... 1.0
[meriadoc] 	Sending message to b'\x80\x00\x00\x00j\x00\x00\x00\x00\x08\x00\x0bmeriadoc"Test info"'
[edoras] 	Received message from Host ID #106 "b'\x80\x00\x00\x00j\x00\x00\x00\x00\x08\x00\x0bmeriadoc"Test info"'"
[edoras] 	Sending message to Host ID #4 "b'\x80\x00\x00\x00j\x00\x00\x00\x06\x08\x00\x0bmeriadoc"Test info"'"
[edoras] 	Sending message to Host ID #106 "b'\x01\x00\x00\x00\x06\x00\x00\x00\x00\x00\x00\x00\x00\x002Welcome to the Clemson Relay Chat network meriadoc'"
[edoras] 	Sending message to Host ID #106 "b'\x80\x00\x00\x00e\x00\x00\x00\x06\x0c\x00\x0bfrodobaggins"Test info"'"
[edoras] 	Sending message to Host ID #106 "b'\x80\x00\x00\x00f\x00\x00\x00\x06\t\x00\x0bsamgamgee"Test info"'"
[edoras] 	Sending message to Host ID #106 "b'\x80\x00\x00\x00g\x00\x00\x00\x06\x06\x00\x0belrond"Test info"'"
[edoras] 	Sending message to Host ID #106 "b'\x80\x00\x00\x00h\x00\x00\x00\x06\x0c\x00\x0bbilbobaggins"Test info"'"
[edoras] 	Sending message to Host ID #106 "b'\x80\x00\x00\x00i\x00\x00\x00\x06\x08\x00\x0bperegrin"Test info"'"
[meriadoc] 	Received message from Host ID #6 "b'\x01\x00\x00\x00\x06\x00\x00\x00\x00\x00\x00\x00\x00\x002Welcome to the Clemson Relay Chat network meriadoc'"
[lothlorien] 	Received message from Host ID #106 "b'\x80\x00\x00\x00j\x00\x00\x00\x06\x08\x00\x0bmeriadoc"Test info"'"
[meriadoc] 	Received message from Host ID #101 "b'\x80\x00\x00\x00e\x00\x00\x00\x06\x0c\x00\x0bfrodobaggins"Test info"'"
[lothlorien] 	Sending message to Host ID #2 "b'\x80\x00\x00\x00j\x00\x00\x00\x04\x08\x00\x0bmeriadoc"Test info"'"
[meriadoc] 	Received message from Host ID #102 "b'\x80\x00\x00\x00f\x00\x00\x00\x06\t\x00\x0bsamgamgee"Test info"'"
[lothlorien] 	Sending message to Host ID #7 "b'\x80\x00\x00\x00j\x00\x00\x00\x04\x08\x00\x0bmeriadoc"Test info"'"
[meriadoc] 	Received message from Host ID #103 "b'\x80\x00\x00\x00g\x00\x00\x00\x06\x06\x00\x0belrond"Test info"'"
[minastirith] 	Received message from Host ID #106 "b'\x80\x00\x00\x00j\x00\x00\x00\x04\x08\x00\x0bmeriadoc"Test info"'"
[rivendale] 	Received message from Host ID #106 "b'\x80\x00\x00\x00j\x00\x00\x00\x04\x08\x00\x0bmeriadoc"Test info"'"
[meriadoc] 	Received message from Host ID #104 "b'\x80\x00\x00\x00h\x00\x00\x00\x06\x0c\x00\x0bbilbobaggins"Test info"'"
[minastirith] 	Sending message to Host ID #105 "b'\x80\x00\x00\x00j\x00\x00\x00\x07\x08\x00\x0bmeriadoc"Test info"'"
[rivendale] 	Sending message to Host ID #1 "b'\x80\x00\x00\x00j\x00\x00\x00\x02\x08\x00\x0bmeriadoc"Test info"'"
[meriadoc] 	Received message from Host ID #105 "b'\x80\x00\x00\x00i\x00\x00\x00\x06\x08\x00\x0bperegrin"Test info"'"
[rivendale] 	Sending message to Host ID #5 "b'\x80\x00\x00\x00j\x00\x00\x00\x02\x08\x00\x0bmeriadoc"Test info"'"
[peregrin] 	Received message from Host ID #106 "b'\x80\x00\x00\x00j\x00\x00\x00\x07\x08\x00\x0bmeriadoc"Test info"'"
[rivendale] 	Sending message to Host ID #8 "b'\x80\x00\x00\x00j\x00\x00\x00\x02\x08\x00\x0bmeriadoc"Test info"'"
[rivendale] 	Sending message to Host ID #103 "b'\x80\x00\x00\x00j\x00\x00\x00\x02\x08\x00\x0bmeriadoc"Test info"'"
[mirkwood] 	Received message from Host ID #106 "b'\x80\x00\x00\x00j\x00\x00\x00\x02\x08\x00\x0bmeriadoc"Test info"'"
[elrond] 	Received message from Host ID #106 "b'\x80\x00\x00\x00j\x00\x00\x00\x02\x08\x00\x0bmeriadoc"Test info"'"
[moria] 	Received message from Host ID #106 "b'\x80\x00\x00\x00j\x00\x00\x00\x02\x08\x00\x0bmeriadoc"Test info"'"[theshire] 	Received message from Host ID #106 "b'\x80\x00\x00\x00j\x00\x00\x00\x02\x08\x00\x0bmeriadoc"Test info"'"

[theshire] 	Sending message to Host ID #3 "b'\x80\x00\x00\x00j\x00\x00\x00\x01\x08\x00\x0bmeriadoc"Test info"'"
[theshire] 	Sending message to Host ID #101 "b'\x80\x00\x00\x00j\x00\x00\x00\x01\x08\x00\x0bmeriadoc"Test info"'"
[theshire] 	Sending message to Host ID #102 "b'\x80\x00\x00\x00j\x00\x00\x00\x01\x08\x00\x0bmeriadoc"Test info"'"
[samgamgee] 	Received message from Host ID #106 "b'\x80\x00\x00\x00j\x00\x00\x00\x01\x08\x00\x0bmeriadoc"Test info"'"
[frodobaggins] 	Received message from Host ID #106 "b'\x80\x00\x00\x00j\x00\x00\x00\x01\x08\x00\x0bmeriadoc"Test info"'"
[grey_havens] 	Received message from Host ID #106 "b'\x80\x00\x00\x00j\x00\x00\x00\x01\x08\x00\x0bmeriadoc"Test info"'"
[grey_havens] 	Sending message to Host ID #104 "b'\x80\x00\x00\x00j\x00\x00\x00\x03\x08\x00\x0bmeriadoc"Test info"'"
[bilbobaggins] 	Received message from Host ID #106 "b'\x80\x00\x00\x00j\x00\x00\x00\x03\x08\x00\x0bmeriadoc"Test info"'"
*CMD.........	Starting --id 9 --servername isengard --port 33409 --info "Angrenost, The Iron Fortres" --log-file isengard.log --connect_to_host edoras --connect_to_port 33406
[isengard] 	Launching server isengard...
*CMD.........	Waiting... 1.0
[isengard] 	Configuring the server socket...
[isengard] 	Connecting to remote server edoras:33406...
[isengard] 	Listening for new connections on port 33409
[edoras] 	Received message from Host ID #9 "b'\x00\x00\x00\x00\t\x00\x00\x00\x00\x08\x00\x1disengard"Angrenost, The Iron Fortres"'"
[edoras] 	Sending message to Host ID #9 "b'\x00\x00\x00\x00\x06\x00\x00\x00\x06\x06\x00%edoras"Home of the Golden Hall of Meduseld"'"
[edoras] 	Sending message to Host ID #9 "b'\x00\x00\x00\x00\x04\x00\x00\x00\x06\n\x00\x11lothlorien"The Golden Wood"'"
[edoras] 	Sending message to Host ID #9 "b'\x00\x00\x00\x00\x02\x00\x00\x00\x06\t\x00\x0frivendale"Elronds House"'"
[edoras] 	Sending message to Host ID #9 "b'\x00\x00\x00\x00\x01\x00\x00\x00\x06\x08\x00\x15theshire"Home of the Hobbits"'"
[edoras] 	Sending message to Host ID #9 "b'\x80\x00\x00\x00e\x00\x00\x00\x06\x0c\x00\x0bfrodobaggins"Test info"'"
[edoras] 	Sending message to Host ID #9 "b'\x00\x00\x00\x00\x03\x00\x00\x00\x06\x0b\x00\x1cgrey_havens"Gates to the Blessed Realm"'"
[edoras] 	Sending message to Host ID #9 "b'\x80\x00\x00\x00f\x00\x00\x00\x06\t\x00\x0bsamgamgee"Test info"'"
[edoras] 	Sending message to Host ID #9 "b'\x80\x00\x00\x00g\x00\x00\x00\x06\x06\x00\x0belrond"Test info"'"
[edoras] 	Sending message to Host ID #9 "b'\x80\x00\x00\x00h\x00\x00\x00\x06\x0c\x00\x0bbilbobaggins"Test info"'"
[edoras] 	Sending message to Host ID #9 "b'\x00\x00\x00\x00\x05\x00\x00\x00\x06\x05\x00\x0fmoria"The Black Pit"'"
[edoras] 	Sending message to Host ID #9 "b'\x00\x00\x00\x00\x07\x00\x00\x00\x06\x0b\x00\x10minastirith"Tower of Guard"'"
[edoras] 	Sending message to Host ID #9 "b'\x80\x00\x00\x00i\x00\x00\x00\x06\x08\x00\x0bperegrin"Test info"'"
[edoras] 	Sending message to Host ID #9 "b'\x00\x00\x00\x00\x08\x00\x00\x00\x06\x08\x00\x15mirkwood"Wood of Greenleaves"'"
[edoras] 	Sending message to Host ID #9 "b'\x80\x00\x00\x00j\x00\x00\x00\x06\x08\x00\x0bmeriadoc"Test info"'"
[edoras] 	Sending message to Host ID #4 "b'\x00\x00\x00\x00\t\x00\x00\x00\x06\x08\x00\x1disengard"Angrenost, The Iron Fortres"'"
[lothlorien] 	Received message from Host ID #9 "b'\x00\x00\x00\x00\t\x00\x00\x00\x06\x08\x00\x1disengard"Angrenost, The Iron Fortres"'"
[isengard] 	Received message from Host ID #6 "b'\x00\x00\x00\x00\x06\x00\x00\x00\x06\x06\x00%edoras"Home of the Golden Hall of Meduseld"'"
[lothlorien] 	Sending message to Host ID #2 "b'\x00\x00\x00\x00\t\x00\x00\x00\x04\x08\x00\x1disengard"Angrenost, The Iron Fortres"'"
[isengard] 	Received message from Host ID #4 "b'\x00\x00\x00\x00\x04\x00\x00\x00\x06\n\x00\x11lothlorien"The Golden Wood"'"
[lothlorien] 	Sending message to Host ID #7 "b'\x00\x00\x00\x00\t\x00\x00\x00\x04\x08\x00\x1disengard"Angrenost, The Iron Fortres"'"
[isengard] 	Received message from Host ID #2 "b'\x00\x00\x00\x00\x02\x00\x00\x00\x06\t\x00\x0frivendale"Elronds House"'"
[isengard] 	Received message from Host ID #1 "b'\x00\x00\x00\x00\x01\x00\x00\x00\x06\x08\x00\x15theshire"Home of the Hobbits"'"
[rivendale] 	Received message from Host ID #9 "b'\x00\x00\x00\x00\t\x00\x00\x00\x04\x08\x00\x1disengard"Angrenost, The Iron Fortres"'"
[minastirith] 	Received message from Host ID #9 "b'\x00\x00\x00\x00\t\x00\x00\x00\x04\x08\x00\x1disengard"Angrenost, The Iron Fortres"'"
[isengard] 	Received message from Host ID #101 "b'\x80\x00\x00\x00e\x00\x00\x00\x06\x0c\x00\x0bfrodobaggins"Test info"'"
[rivendale] 	Sending message to Host ID #1 "b'\x00\x00\x00\x00\t\x00\x00\x00\x02\x08\x00\x1disengard"Angrenost, The Iron Fortres"'"
[isengard] 	Received message from Host ID #3 "b'\x00\x00\x00\x00\x03\x00\x00\x00\x06\x0b\x00\x1cgrey_havens"Gates to the Blessed Realm"'"
[rivendale] 	Sending message to Host ID #5 "b'\x00\x00\x00\x00\t\x00\x00\x00\x02\x08\x00\x1disengard"Angrenost, The Iron Fortres"'"
[isengard] 	Received message from Host ID #102 "b'\x80\x00\x00\x00f\x00\x00\x00\x06\t\x00\x0bsamgamgee"Test info"'"
[rivendale] 	Sending message to Host ID #8 "b'\x00\x00\x00\x00\t\x00\x00\x00\x02\x08\x00\x1disengard"Angrenost, The Iron Fortres"'"
[isengard] 	Received message from Host ID #103 "b'\x80\x00\x00\x00g\x00\x00\x00\x06\x06\x00\x0belrond"Test info"'"
[moria] 	Received message from Host ID #9 "b'\x00\x00\x00\x00\t\x00\x00\x00\x02\x08\x00\x1disengard"Angrenost, The Iron Fortres"'"
[theshire] 	Received message from Host ID #9 "b'\x00\x00\x00\x00\t\x00\x00\x00\x02\x08\x00\x1disengard"Angrenost, The Iron Fortres"'"
[mirkwood] 	Received message from Host ID #9 "b'\x00\x00\x00\x00\t\x00\x00\x00\x02\x08\x00\x1disengard"Angrenost, The Iron Fortres"'"
[isengard] 	Received message from Host ID #104 "b'\x80\x00\x00\x00h\x00\x00\x00\x06\x0c\x00\x0bbilbobaggins"Test info"'"
[theshire] 	Sending message to Host ID #3 "b'\x00\x00\x00\x00\t\x00\x00\x00\x01\x08\x00\x1disengard"Angrenost, The Iron Fortres"'"
[isengard] 	Received message from Host ID #5 "b'\x00\x00\x00\x00\x05\x00\x00\x00\x06\x05\x00\x0fmoria"The Black Pit"'"
[grey_havens] 	Received message from Host ID #9 "b'\x00\x00\x00\x00\t\x00\x00\x00\x01\x08\x00\x1disengard"Angrenost, The Iron Fortres"'"
[isengard] 	Received message from Host ID #7 "b'\x00\x00\x00\x00\x07\x00\x00\x00\x06\x0b\x00\x10minastirith"Tower of Guard"'"
[isengard] 	Received message from Host ID #105 "b'\x80\x00\x00\x00i\x00\x00\x00\x06\x08\x00\x0bperegrin"Test info"'"
[isengard] 	Received message from Host ID #8 "b'\x00\x00\x00\x00\x08\x00\x00\x00\x06\x08\x00\x15mirkwood"Wood of Greenleaves"'"
[isengard] 	Received message from Host ID #106 "b'\x80\x00\x00\x00j\x00\x00\x00\x06\x08\x00\x0bmeriadoc"Test info"'"
*CMD.........	Starting --id 10 --servername osgiliath --port 33410 --info "Citadel of the Stars" --log-file osgiliath.log --connect_to_host minastirith --connect_to_port 33407
[osgiliath] 	Launching server osgiliath...
*CMD.........	Waiting... 1.0
[osgiliath] 	Configuring the server socket...
[osgiliath] 	Connecting to remote server minastirith:33407...
[osgiliath] 	Listening for new connections on port 33410
[minastirith] 	Received message from Host ID #10 "b'\x00\x00\x00\x00\n\x00\x00\x00\x00\t\x00\x16osgiliath"Citadel of the Stars"'"
[minastirith] 	Sending message to Host ID #10 "b'\x00\x00\x00\x00\x07\x00\x00\x00\x07\x0b\x00\x10minastirith"Tower of Guard"'"
[minastirith] 	Sending message to Host ID #10 "b'\x00\x00\x00\x00\x04\x00\x00\x00\x07\n\x00\x11lothlorien"The Golden Wood"'"
[minastirith] 	Sending message to Host ID #10 "b'\x00\x00\x00\x00\x02\x00\x00\x00\x07\t\x00\x0frivendale"Elronds House"'"
[minastirith] 	Sending message to Host ID #10 "b'\x00\x00\x00\x00\x01\x00\x00\x00\x07\x08\x00\x15theshire"Home of the Hobbits"'"
[minastirith] 	Sending message to Host ID #10 "b'\x80\x00\x00\x00e\x00\x00\x00\x07\x0c\x00\x0bfrodobaggins"Test info"'"
[minastirith] 	Sending message to Host ID #10 "b'\x00\x00\x00\x00\x03\x00\x00\x00\x07\x0b\x00\x1cgrey_havens"Gates to the Blessed Realm"'"
[minastirith] 	Sending message to Host ID #10 "b'\x80\x00\x00\x00f\x00\x00\x00\x07\t\x00\x0bsamgamgee"Test info"'"
[minastirith] 	Sending message to Host ID #10 "b'\x80\x00\x00\x00g\x00\x00\x00\x07\x06\x00\x0belrond"Test info"'"
[minastirith] 	Sending message to Host ID #10 "b'\x80\x00\x00\x00h\x00\x00\x00\x07\x0c\x00\x0bbilbobaggins"Test info"'"
[minastirith] 	Sending message to Host ID #10 "b'\x00\x00\x00\x00\x05\x00\x00\x00\x07\x05\x00\x0fmoria"The Black Pit"'"
[minastirith] 	Sending message to Host ID #10 "b'\x00\x00\x00\x00\x06\x00\x00\x00\x07\x06\x00%edoras"Home of the Golden Hall of Meduseld"'"
[minastirith] 	Sending message to Host ID #10 "b'\x80\x00\x00\x00i\x00\x00\x00\x07\x08\x00\x0bperegrin"Test info"'"
[minastirith] 	Sending message to Host ID #10 "b'\x00\x00\x00\x00\x08\x00\x00\x00\x07\x08\x00\x15mirkwood"Wood of Greenleaves"'"
[minastirith] 	Sending message to Host ID #10 "b'\x80\x00\x00\x00j\x00\x00\x00\x07\x08\x00\x0bmeriadoc"Test info"'"
[minastirith] 	Sending message to Host ID #10 "b'\x00\x00\x00\x00\t\x00\x00\x00\x07\x08\x00\x1disengard"Angrenost, The Iron Fortres"'"
[minastirith] 	Sending message to Host ID #4 "b'\x00\x00\x00\x00\n\x00\x00\x00\x07\t\x00\x16osgiliath"Citadel of the Stars"'"
[lothlorien] 	Received message from Host ID #10 "b'\x00\x00\x00\x00\n\x00\x00\x00\x07\t\x00\x16osgiliath"Citadel of the Stars"'"
[osgiliath] 	Received message from Host ID #7 "b'\x00\x00\x00\x00\x07\x00\x00\x00\x07\x0b\x00\x10minastirith"Tower of Guard"'"
[lothlorien] 	Sending message to Host ID #2 "b'\x00\x00\x00\x00\n\x00\x00\x00\x04\t\x00\x16osgiliath"Citadel of the Stars"'"
[osgiliath] 	Received message from Host ID #4 "b'\x00\x00\x00\x00\x04\x00\x00\x00\x07\n\x00\x11lothlorien"The Golden Wood"'"
[lothlorien] 	Sending message to Host ID #6 "b'\x00\x00\x00\x00\n\x00\x00\x00\x04\t\x00\x16osgiliath"Citadel of the Stars"'"
[osgiliath] 	Received message from Host ID #2 "b'\x00\x00\x00\x00\x02\x00\x00\x00\x07\t\x00\x0frivendale"Elronds House"'"
[osgiliath] 	Received message from Host ID #1 "b'\x00\x00\x00\x00\x01\x00\x00\x00\x07\x08\x00\x15theshire"Home of the Hobbits"'"
[rivendale] 	Received message from Host ID #10 "b'\x00\x00\x00\x00\n\x00\x00\x00\x04\t\x00\x16osgiliath"Citadel of the Stars"'"
[edoras] 	Received message from Host ID #10 "b'\x00\x00\x00\x00\n\x00\x00\x00\x04\t\x00\x16osgiliath"Citadel of the Stars"'"
[osgiliath] 	Received message from Host ID #101 "b'\x80\x00\x00\x00e\x00\x00\x00\x07\x0c\x00\x0bfrodobaggins"Test info"'"
[rivendale] 	Sending message to Host ID #1 "b'\x00\x00\x00\x00\n\x00\x00\x00\x02\t\x00\x16osgiliath"Citadel of the Stars"'"
[edoras] 	Sending message to Host ID #9 "b'\x00\x00\x00\x00\n\x00\x00\x00\x06\t\x00\x16osgiliath"Citadel of the Stars"'"
[osgiliath] 	Received message from Host ID #3 "b'\x00\x00\x00\x00\x03\x00\x00\x00\x07\x0b\x00\x1cgrey_havens"Gates to the Blessed Realm"'"
[rivendale] 	Sending message to Host ID #5 "b'\x00\x00\x00\x00\n\x00\x00\x00\x02\t\x00\x16osgiliath"Citadel of the Stars"'"
[isengard] 	Received message from Host ID #10 "b'\x00\x00\x00\x00\n\x00\x00\x00\x06\t\x00\x16osgiliath"Citadel of the Stars"'"
[osgiliath] 	Received message from Host ID #102 "b'\x80\x00\x00\x00f\x00\x00\x00\x07\t\x00\x0bsamgamgee"Test info"'"
[rivendale] 	Sending message to Host ID #8 "b'\x00\x00\x00\x00\n\x00\x00\x00\x02\t\x00\x16osgiliath"Citadel of the Stars"'"
[osgiliath] 	Received message from Host ID #103 "b'\x80\x00\x00\x00g\x00\x00\x00\x07\x06\x00\x0belrond"Test info"'"
[mirkwood] 	Received message from Host ID #10 "b'\x00\x00\x00\x00\n\x00\x00\x00\x02\t\x00\x16osgiliath"Citadel of the Stars"'"
[moria] 	Received message from Host ID #10 "b'\x00\x00\x00\x00\n\x00\x00\x00\x02\t\x00\x16osgiliath"Citadel of the Stars"'"
[theshire] 	Received message from Host ID #10 "b'\x00\x00\x00\x00\n\x00\x00\x00\x02\t\x00\x16osgiliath"Citadel of the Stars"'"
[osgiliath] 	Received message from Host ID #104 "b'\x80\x00\x00\x00h\x00\x00\x00\x07\x0c\x00\x0bbilbobaggins"Test info"'"
[theshire] 	Sending message to Host ID #3 "b'\x00\x00\x00\x00\n\x00\x00\x00\x01\t\x00\x16osgiliath"Citadel of the Stars"'"
[osgiliath] 	Received message from Host ID #5 "b'\x00\x00\x00\x00\x05\x00\x00\x00\x07\x05\x00\x0fmoria"The Black Pit"'"
[grey_havens] 	Received message from Host ID #10 "b'\x00\x00\x00\x00\n\x00\x00\x00\x01\t\x00\x16osgiliath"Citadel of the Stars"'"
[osgiliath] 	Received message from Host ID #6 "b'\x00\x00\x00\x00\x06\x00\x00\x00\x07\x06\x00%edoras"Home of the Golden Hall of Meduseld"'"
[osgiliath] 	Received message from Host ID #105 "b'\x80\x00\x00\x00i\x00\x00\x00\x07\x08\x00\x0bperegrin"Test info"'"
[osgiliath] 	Received message from Host ID #8 "b'\x00\x00\x00\x00\x08\x00\x00\x00\x07\x08\x00\x15mirkwood"Wood of Greenleaves"'"
[osgiliath] 	Received message from Host ID #106 "b'\x80\x00\x00\x00j\x00\x00\x00\x07\x08\x00\x0bmeriadoc"Test info"'"
[osgiliath] 	Received message from Host ID #9 "b'\x00\x00\x00\x00\t\x00\x00\x00\x07\x08\x00\x1disengard"Angrenost, The Iron Fortres"'"
*CMD.........	Starting --id 11 --servername barad-dur --port 33411 --info "The Dark Tower" --log-file barad-dur.log --connect_to_host minastirith --connect_to_port 33407
[barad-dur] 	Launching server barad-dur...
*CMD.........	Waiting... 2.0
[barad-dur] 	Configuring the server socket...
[barad-dur] 	Connecting to remote server minastirith:33407...
[barad-dur] 	Listening for new connections on port 33411
[minastirith] 	Received message from Host ID #11 "b'\x00\x00\x00\x00\x0b\x00\x00\x00\x00\t\x00\x10barad-dur"The Dark Tower"'"
[minastirith] 	Sending message to Host ID #11 "b'\x00\x00\x00\x00\x07\x00\x00\x00\x07\x0b\x00\x10minastirith"Tower of Guard"'"
[minastirith] 	Sending message to Host ID #11 "b'\x00\x00\x00\x00\x04\x00\x00\x00\x07\n\x00\x11lothlorien"The Golden Wood"'"
[minastirith] 	Sending message to Host ID #11 "b'\x00\x00\x00\x00\x02\x00\x00\x00\x07\t\x00\x0frivendale"Elronds House"'"
[minastirith] 	Sending message to Host ID #11 "b'\x00\x00\x00\x00\x01\x00\x00\x00\x07\x08\x00\x15theshire"Home of the Hobbits"'"
[minastirith] 	Sending message to Host ID #11 "b'\x80\x00\x00\x00e\x00\x00\x00\x07\x0c\x00\x0bfrodobaggins"Test info"'"
[minastirith] 	Sending message to Host ID #11 "b'\x00\x00\x00\x00\x03\x00\x00\x00\x07\x0b\x00\x1cgrey_havens"Gates to the Blessed Realm"'"
[minastirith] 	Sending message to Host ID #11 "b'\x80\x00\x00\x00f\x00\x00\x00\x07\t\x00\x0bsamgamgee"Test info"'"
[minastirith] 	Sending message to Host ID #11 "b'\x80\x00\x00\x00g\x00\x00\x00\x07\x06\x00\x0belrond"Test info"'"
[minastirith] 	Sending message to Host ID #11 "b'\x80\x00\x00\x00h\x00\x00\x00\x07\x0c\x00\x0bbilbobaggins"Test info"'"
[minastirith] 	Sending message to Host ID #11 "b'\x00\x00\x00\x00\x05\x00\x00\x00\x07\x05\x00\x0fmoria"The Black Pit"'"
[minastirith] 	Sending message to Host ID #11 "b'\x00\x00\x00\x00\x06\x00\x00\x00\x07\x06\x00%edoras"Home of the Golden Hall of Meduseld"'"
[minastirith] 	Sending message to Host ID #11 "b'\x80\x00\x00\x00i\x00\x00\x00\x07\x08\x00\x0bperegrin"Test info"'"
[minastirith] 	Sending message to Host ID #11 "b'\x00\x00\x00\x00\x08\x00\x00\x00\x07\x08\x00\x15mirkwood"Wood of Greenleaves"'"
[minastirith] 	Sending message to Host ID #11 "b'\x80\x00\x00\x00j\x00\x00\x00\x07\x08\x00\x0bmeriadoc"Test info"'"
[minastirith] 	Sending message to Host ID #11 "b'\x00\x00\x00\x00\t\x00\x00\x00\x07\x08\x00\x1disengard"Angrenost, The Iron Fortres"'"
[minastirith] 	Sending message to Host ID #11 "b'\x00\x00\x00\x00\n\x00\x00\x00\x07\t\x00\x16osgiliath"Citadel of the Stars"'"
[minastirith] 	Sending message to Host ID #4 "b'\x00\x00\x00\x00\x0b\x00\x00\x00\x07\t\x00\x10barad-dur"The Dark Tower"'"
[minastirith] 	Sending message to Host ID #10 "b'\x00\x00\x00\x00\x0b\x00\x00\x00\x07\t\x00\x10barad-dur"The Dark Tower"'"
[lothlorien] 	Received message from Host ID #11 "b'\x00\x00\x00\x00\x0b\x00\x00\x00\x07\t\x00\x10barad-dur"The Dark Tower"'"
[osgiliath] 	Received message from Host ID #11 "b'\x00\x00\x00\x00\x0b\x00\x00\x00\x07\t\x00\x10barad-dur"The Dark Tower"'"
[barad-dur] 	Received message from Host ID #7 "b'\x00\x00\x00\x00\x07\x00\x00\x00\x07\x0b\x00\x10minastirith"Tower of Guard"'"
[lothlorien] 	Sending message to Host ID #2 "b'\x00\x00\x00\x00\x0b\x00\x00\x00\x04\t\x00\x10barad-dur"The Dark Tower"'"
[barad-dur] 	Received message from Host ID #4 "b'\x00\x00\x00\x00\x04\x00\x00\x00\x07\n\x00\x11lothlorien"The Golden Wood"'"
[lothlorien] 	Sending message to Host ID #6 "b'\x00\x00\x00\x00\x0b\x00\x00\x00\x04\t\x00\x10barad-dur"The Dark Tower"'"
[barad-dur] 	Received message from Host ID #2 "b'\x00\x00\x00\x00\x02\x00\x00\x00\x07\t\x00\x0frivendale"Elronds House"'"
[rivendale] 	Received message from Host ID #11 "b'\x00\x00\x00\x00\x0b\x00\x00\x00\x04\t\x00\x10barad-dur"The Dark Tower"'"
[edoras] 	Received message from Host ID #11 "b'\x00\x00\x00\x00\x0b\x00\x00\x00\x04\t\x00\x10barad-dur"The Dark Tower"'"
[barad-dur] 	Received message from Host ID #1 "b'\x00\x00\x00\x00\x01\x00\x00\x00\x07\x08\x00\x15theshire"Home of the Hobbits"'"
[rivendale] 	Sending message to Host ID #1 "b'\x00\x00\x00\x00\x0b\x00\x00\x00\x02\t\x00\x10barad-dur"The Dark Tower"'"
[edoras] 	Sending message to Host ID #9 "b'\x00\x00\x00\x00\x0b\x00\x00\x00\x06\t\x00\x10barad-dur"The Dark Tower"'"
[barad-dur] 	Received message from Host ID #101 "b'\x80\x00\x00\x00e\x00\x00\x00\x07\x0c\x00\x0bfrodobaggins"Test info"'"
[rivendale] 	Sending message to Host ID #5 "b'\x00\x00\x00\x00\x0b\x00\x00\x00\x02\t\x00\x10barad-dur"The Dark Tower"'"
[isengard] 	Received message from Host ID #11 "b'\x00\x00\x00\x00\x0b\x00\x00\x00\x06\t\x00\x10barad-dur"The Dark Tower"'"
[barad-dur] 	Received message from Host ID #3 "b'\x00\x00\x00\x00\x03\x00\x00\x00\x07\x0b\x00\x1cgrey_havens"Gates to the Blessed Realm"'"
[rivendale] 	Sending message to Host ID #8 "b'\x00\x00\x00\x00\x0b\x00\x00\x00\x02\t\x00\x10barad-dur"The Dark Tower"'"
[barad-dur] 	Received message from Host ID #102 "b'\x80\x00\x00\x00f\x00\x00\x00\x07\t\x00\x0bsamgamgee"Test info"'"
[moria] 	Received message from Host ID #11 "b'\x00\x00\x00\x00\x0b\x00\x00\x00\x02\t\x00\x10barad-dur"The Dark Tower"'"
[mirkwood] 	Received message from Host ID #11 "b'\x00\x00\x00\x00\x0b\x00\x00\x00\x02\t\x00\x10barad-dur"The Dark Tower"'"
[theshire] 	Received message from Host ID #11 "b'\x00\x00\x00\x00\x0b\x00\x00\x00\x02\t\x00\x10barad-dur"The Dark Tower"'"
[barad-dur] 	Received message from Host ID #103 "b'\x80\x00\x00\x00g\x00\x00\x00\x07\x06\x00\x0belrond"Test info"'"
[theshire] 	Sending message to Host ID #3 "b'\x00\x00\x00\x00\x0b\x00\x00\x00\x01\t\x00\x10barad-dur"The Dark Tower"'"
[barad-dur] 	Received message from Host ID #104 "b'\x80\x00\x00\x00h\x00\x00\x00\x07\x0c\x00\x0bbilbobaggins"Test info"'"
[grey_havens] 	Received message from Host ID #11 "b'\x00\x00\x00\x00\x0b\x00\x00\x00\x01\t\x00\x10barad-dur"The Dark Tower"'"
[barad-dur] 	Received message from Host ID #5 "b'\x00\x00\x00\x00\x05\x00\x00\x00\x07\x05\x00\x0fmoria"The Black Pit"'"
[barad-dur] 	Received message from Host ID #6 "b'\x00\x00\x00\x00\x06\x00\x00\x00\x07\x06\x00%edoras"Home of the Golden Hall of Meduseld"'"
[barad-dur] 	Received message from Host ID #105 "b'\x80\x00\x00\x00i\x00\x00\x00\x07\x08\x00\x0bperegrin"Test info"'"
[barad-dur] 	Received message from Host ID #8 "b'\x00\x00\x00\x00\x08\x00\x00\x00\x07\x08\x00\x15mirkwood"Wood of Greenleaves"'"
[barad-dur] 	Received message from Host ID #106 "b'\x80\x00\x00\x00j\x00\x00\x00\x07\x08\x00\x0bmeriadoc"Test info"'"
[barad-dur] 	Received message from Host ID #9 "b'\x00\x00\x00\x00\t\x00\x00\x00\x07\x08\x00\x1disengard"Angrenost, The Iron Fortres"'"
[barad-dur] 	Received message from Host ID #10 "b'\x00\x00\x00\x00\n\x00\x00\x00\x07\t\x00\x16osgiliath"Citadel of the Stars"'"
*CMD.........	Starting --id 107 --serverhost moria --serverport 33405 --username balin --info "Test info" --log-file balin.log
[balin] 	Launching client balin...
*CMD.........	Waiting... 1.0
[balin] 	Sending message to b'\x80\x00\x00\x00k\x00\x00\x00\x00\x05\x00\x0bbalin"Test info"'
[moria] 	Received message from Host ID #107 "b'\x80\x00\x00\x00k\x00\x00\x00\x00\x05\x00\x0bbalin"Test info"'"
[moria] 	Sending message to Host ID #2 "b'\x80\x00\x00\x00k\x00\x00\x00\x05\x05\x00\x0bbalin"Test info"'"
[moria] 	Sending message to Host ID #107 "b'\x01\x00\x00\x00\x05\x00\x00\x00\x00\x00\x00\x00\x00\x00/Welcome to the Clemson Relay Chat network balin'"
[moria] 	Sending message to Host ID #107 "b'\x80\x00\x00\x00e\x00\x00\x00\x05\x0c\x00\x0bfrodobaggins"Test info"'"
[moria] 	Sending message to Host ID #107 "b'\x80\x00\x00\x00f\x00\x00\x00\x05\t\x00\x0bsamgamgee"Test info"'"
[moria] 	Sending message to Host ID #107 "b'\x80\x00\x00\x00g\x00\x00\x00\x05\x06\x00\x0belrond"Test info"'"
[moria] 	Sending message to Host ID #107 "b'\x80\x00\x00\x00h\x00\x00\x00\x05\x0c\x00\x0bbilbobaggins"Test info"'"
[moria] 	Sending message to Host ID #107 "b'\x80\x00\x00\x00i\x00\x00\x00\x05\x08\x00\x0bperegrin"Test info"'"
[moria] 	Sending message to Host ID #107 "b'\x80\x00\x00\x00j\x00\x00\x00\x05\x08\x00\x0bmeriadoc"Test info"'"
[rivendale] 	Received message from Host ID #107 "b'\x80\x00\x00\x00k\x00\x00\x00\x05\x05\x00\x0bbalin"Test info"'"
[balin] 	Received message from Host ID #5 "b'\x01\x00\x00\x00\x05\x00\x00\x00\x00\x00\x00\x00\x00\x00/Welcome to the Clemson Relay Chat network balin'"
[rivendale] 	Sending message to Host ID #1 "b'\x80\x00\x00\x00k\x00\x00\x00\x02\x05\x00\x0bbalin"Test info"'"
[balin] 	Received message from Host ID #101 "b'\x80\x00\x00\x00e\x00\x00\x00\x05\x0c\x00\x0bfrodobaggins"Test info"'"
[rivendale] 	Sending message to Host ID #4 "b'\x80\x00\x00\x00k\x00\x00\x00\x02\x05\x00\x0bbalin"Test info"'"
[balin] 	Received message from Host ID #102 "b'\x80\x00\x00\x00f\x00\x00\x00\x05\t\x00\x0bsamgamgee"Test info"'"
[rivendale] 	Sending message to Host ID #8 "b'\x80\x00\x00\x00k\x00\x00\x00\x02\x05\x00\x0bbalin"Test info"'"
[balin] 	Received message from Host ID #103 "b'\x80\x00\x00\x00g\x00\x00\x00\x05\x06\x00\x0belrond"Test info"'"
[rivendale] 	Sending message to Host ID #103 "b'\x80\x00\x00\x00k\x00\x00\x00\x02\x05\x00\x0bbalin"Test info"'"
[balin] 	Received message from Host ID #104 "b'\x80\x00\x00\x00h\x00\x00\x00\x05\x0c\x00\x0bbilbobaggins"Test info"'"
[theshire] 	Received message from Host ID #107 "b'\x80\x00\x00\x00k\x00\x00\x00\x02\x05\x00\x0bbalin"Test info"'"
[lothlorien] 	Received message from Host ID #107 "b'\x80\x00\x00\x00k\x00\x00\x00\x02\x05\x00\x0bbalin"Test info"'"
[elrond] 	Received message from Host ID #107 "b'\x80\x00\x00\x00k\x00\x00\x00\x02\x05\x00\x0bbalin"Test info"'"
[mirkwood] 	Received message from Host ID #107 "b'\x80\x00\x00\x00k\x00\x00\x00\x02\x05\x00\x0bbalin"Test info"'"
[balin] 	Received message from Host ID #105 "b'\x80\x00\x00\x00i\x00\x00\x00\x05\x08\x00\x0bperegrin"Test info"'"
[theshire] 	Sending message to Host ID #3 "b'\x80\x00\x00\x00k\x00\x00\x00\x01\x05\x00\x0bbalin"Test info"'"
[lothlorien] 	Sending message to Host ID #6 "b'\x80\x00\x00\x00k\x00\x00\x00\x04\x05\x00\x0bbalin"Test info"'"
[balin] 	Received message from Host ID #106 "b'\x80\x00\x00\x00j\x00\x00\x00\x05\x08\x00\x0bmeriadoc"Test info"'"
[theshire] 	Sending message to Host ID #101 "b'\x80\x00\x00\x00k\x00\x00\x00\x01\x05\x00\x0bbalin"Test info"'"
[lothlorien] 	Sending message to Host ID #7 "b'\x80\x00\x00\x00k\x00\x00\x00\x04\x05\x00\x0bbalin"Test info"'"
[theshire] 	Sending message to Host ID #102 "b'\x80\x00\x00\x00k\x00\x00\x00\x01\x05\x00\x0bbalin"Test info"'"
[edoras] 	Received message from Host ID #107 "b'\x80\x00\x00\x00k\x00\x00\x00\x04\x05\x00\x0bbalin"Test info"'"
[minastirith] 	Received message from Host ID #107 "b'\x80\x00\x00\x00k\x00\x00\x00\x04\x05\x00\x0bbalin"Test info"'"
[samgamgee] 	Received message from Host ID #107 "b'\x80\x00\x00\x00k\x00\x00\x00\x01\x05\x00\x0bbalin"Test info"'"
[frodobaggins] 	Received message from Host ID #107 "b'\x80\x00\x00\x00k\x00\x00\x00\x01\x05\x00\x0bbalin"Test info"'"
[edoras] 	Sending message to Host ID #9 "b'\x80\x00\x00\x00k\x00\x00\x00\x06\x05\x00\x0bbalin"Test info"'"
[minastirith] 	Sending message to Host ID #10 "b'\x80\x00\x00\x00k\x00\x00\x00\x07\x05\x00\x0bbalin"Test info"'"
[grey_havens] 	Received message from Host ID #107 "b'\x80\x00\x00\x00k\x00\x00\x00\x01\x05\x00\x0bbalin"Test info"'"
[edoras] 	Sending message to Host ID #106 "b'\x80\x00\x00\x00k\x00\x00\x00\x06\x05\x00\x0bbalin"Test info"'"
[minastirith] 	Sending message to Host ID #11 "b'\x80\x00\x00\x00k\x00\x00\x00\x07\x05\x00\x0bbalin"Test info"'"
[grey_havens] 	Sending message to Host ID #104 "b'\x80\x00\x00\x00k\x00\x00\x00\x03\x05\x00\x0bbalin"Test info"'"
[minastirith] 	Sending message to Host ID #105 "b'\x80\x00\x00\x00k\x00\x00\x00\x07\x05\x00\x0bbalin"Test info"'"
[meriadoc] 	Received message from Host ID #107 "b'\x80\x00\x00\x00k\x00\x00\x00\x06\x05\x00\x0bbalin"Test info"'"
[isengard] 	Received message from Host ID #107 "b'\x80\x00\x00\x00k\x00\x00\x00\x06\x05\x00\x0bbalin"Test info"'"
[bilbobaggins] 	Received message from Host ID #107 "b'\x80\x00\x00\x00k\x00\x00\x00\x03\x05\x00\x0bbalin"Test info"'"
[osgiliath] 	Received message from Host ID #107 "b'\x80\x00\x00\x00k\x00\x00\x00\x07\x05\x00\x0bbalin"Test info"'"
[peregrin] 	Received message from Host ID #107 "b'\x80\x00\x00\x00k\x00\x00\x00\x07\x05\x00\x0bbalin"Test info"'"
[barad-dur] 	Received message from Host ID #107 "b'\x80\x00\x00\x00k\x00\x00\x00\x07\x05\x00\x0bbalin"Test info"'"
*CMD.........	Starting --id 108 --serverhost barad-dur --serverport 33411 --username sauron --info "Test info" --log-file sauron.log
[sauron] 	Launching client sauron...
*CMD.........	Waiting... 2.5
[sauron] 	Sending message to b'\x80\x00\x00\x00l\x00\x00\x00\x00\x06\x00\x0bsauron"Test info"'
[barad-dur] 	Received message from Host ID #108 "b'\x80\x00\x00\x00l\x00\x00\x00\x00\x06\x00\x0bsauron"Test info"'"
[barad-dur] 	Sending message to Host ID #7 "b'\x80\x00\x00\x00l\x00\x00\x00\x0b\x06\x00\x0bsauron"Test info"'"
[barad-dur] 	Sending message to Host ID #108 "b'\x01\x00\x00\x00\x0b\x00\x00\x00\x00\x00\x00\x00\x00\x000Welcome to the Clemson Relay Chat network sauron'"
[barad-dur] 	Sending message to Host ID #108 "b'\x80\x00\x00\x00e\x00\x00\x00\x0b\x0c\x00\x0bfrodobaggins"Test info"'"
[barad-dur] 	Sending message to Host ID #108 "b'\x80\x00\x00\x00f\x00\x00\x00\x0b\t\x00\x0bsamgamgee"Test info"'"
[barad-dur] 	Sending message to Host ID #108 "b'\x80\x00\x00\x00g\x00\x00\x00\x0b\x06\x00\x0belrond"Test info"'"
[barad-dur] 	Sending message to Host ID #108 "b'\x80\x00\x00\x00h\x00\x00\x00\x0b\x0c\x00\x0bbilbobaggins"Test info"'"
[barad-dur] 	Sending message to Host ID #108 "b'\x80\x00\x00\x00i\x00\x00\x00\x0b\x08\x00\x0bperegrin"Test info"'"
[barad-dur] 	Sending message to Host ID #108 "b'\x80\x00\x00\x00j\x00\x00\x00\x0b\x08\x00\x0bmeriadoc"Test info"'"
[barad-dur] 	Sending message to Host ID #108 "b'\x80\x00\x00\x00k\x00\x00\x00\x0b\x05\x00\x0bbalin"Test info"'"
[sauron] 	Received message from Host ID #11 "b'\x01\x00\x00\x00\x0b\x00\x00\x00\x00\x00\x00\x00\x00\x000Welcome to the Clemson Relay Chat network sauron'"
[minastirith] 	Received message from Host ID #108 "b'\x80\x00\x00\x00l\x00\x00\x00\x0b\x06\x00\x0bsauron"Test info"'"
[sauron] 	Received message from Host ID #101 "b'\x80\x00\x00\x00e\x00\x00\x00\x0b\x0c\x00\x0bfrodobaggins"Test info"'"
[minastirith] 	Sending message to Host ID #4 "b'\x80\x00\x00\x00l\x00\x00\x00\x07\x06\x00\x0bsauron"Test info"'"
[sauron] 	Received message from Host ID #102 "b'\x80\x00\x00\x00f\x00\x00\x00\x0b\t\x00\x0bsamgamgee"Test info"'"
[minastirith] 	Sending message to Host ID #10 "b'\x80\x00\x00\x00l\x00\x00\x00\x07\x06\x00\x0bsauron"Test info"'"
[sauron] 	Received message from Host ID #103 "b'\x80\x00\x00\x00g\x00\x00\x00\x0b\x06\x00\x0belrond"Test info"'"
[minastirith] 	Sending message to Host ID #105 "b'\x80\x00\x00\x00l\x00\x00\x00\x07\x06\x00\x0bsauron"Test info"'"
[sauron] 	Received message from Host ID #104 "b'\x80\x00\x00\x00h\x00\x00\x00\x0b\x0c\x00\x0bbilbobaggins"Test info"'"
[peregrin] 	Received message from Host ID #108 "b'\x80\x00\x00\x00l\x00\x00\x00\x07\x06\x00\x0bsauron"Test info"'"
[lothlorien] 	Received message from Host ID #108 "b'\x80\x00\x00\x00l\x00\x00\x00\x07\x06\x00\x0bsauron"Test info"'"
[osgiliath] 	Received message from Host ID #108 "b'\x80\x00\x00\x00l\x00\x00\x00\x07\x06\x00\x0bsauron"Test info"'"
[sauron] 	Received message from Host ID #105 "b'\x80\x00\x00\x00i\x00\x00\x00\x0b\x08\x00\x0bperegrin"Test info"'"
[lothlorien] 	Sending message to Host ID #2 "b'\x80\x00\x00\x00l\x00\x00\x00\x04\x06\x00\x0bsauron"Test info"'"
[sauron] 	Received message from Host ID #106 "b'\x80\x00\x00\x00j\x00\x00\x00\x0b\x08\x00\x0bmeriadoc"Test info"'"
[lothlorien] 	Sending message to Host ID #6 "b'\x80\x00\x00\x00l\x00\x00\x00\x04\x06\x00\x0bsauron"Test info"'"
[sauron] 	Received message from Host ID #107 "b'\x80\x00\x00\x00k\x00\x00\x00\x0b\x05\x00\x0bbalin"Test info"'"
[edoras] 	Received message from Host ID #108 "b'\x80\x00\x00\x00l\x00\x00\x00\x04\x06\x00\x0bsauron"Test info"'"
[rivendale] 	Received message from Host ID #108 "b'\x80\x00\x00\x00l\x00\x00\x00\x04\x06\x00\x0bsauron"Test info"'"
[edoras] 	Sending message to Host ID #9 "b'\x80\x00\x00\x00l\x00\x00\x00\x06\x06\x00\x0bsauron"Test info"'"
[rivendale] 	Sending message to Host ID #1 "b'\x80\x00\x00\x00l\x00\x00\x00\x02\x06\x00\x0bsauron"Test info"'"
[edoras] 	Sending message to Host ID #106 "b'\x80\x00\x00\x00l\x00\x00\x00\x06\x06\x00\x0bsauron"Test info"'"
[rivendale] 	Sending message to Host ID #5 "b'\x80\x00\x00\x00l\x00\x00\x00\x02\x06\x00\x0bsauron"Test info"'"
[meriadoc] 	Received message from Host ID #108 "b'\x80\x00\x00\x00l\x00\x00\x00\x06\x06\x00\x0bsauron"Test info"'"
[isengard] 	Received message from Host ID #108 "b'\x80\x00\x00\x00l\x00\x00\x00\x06\x06\x00\x0bsauron"Test info"'"
[rivendale] 	Sending message to Host ID #8 "b'\x80\x00\x00\x00l\x00\x00\x00\x02\x06\x00\x0bsauron"Test info"'"
[rivendale] 	Sending message to Host ID #103 "b'\x80\x00\x00\x00l\x00\x00\x00\x02\x06\x00\x0bsauron"Test info"'"
[elrond] 	Received message from Host ID #108 "b'\x80\x00\x00\x00l\x00\x00\x00\x02\x06\x00\x0bsauron"Test info"'"
[moria] 	Received message from Host ID #108 "b'\x80\x00\x00\x00l\x00\x00\x00\x02\x06\x00\x0bsauron"Test info"'"
[theshire] 	Received message from Host ID #108 "b'\x80\x00\x00\x00l\x00\x00\x00\x02\x06\x00\x0bsauron"Test info"'"
[mirkwood] 	Received message from Host ID #108 "b'\x80\x00\x00\x00l\x00\x00\x00\x02\x06\x00\x0bsauron"Test info"'"
[moria] 	Sending message to Host ID #107 "b'\x80\x00\x00\x00l\x00\x00\x00\x05\x06\x00\x0bsauron"Test info"'"
[theshire] 	Sending message to Host ID #3 "b'\x80\x00\x00\x00l\x00\x00\x00\x01\x06\x00\x0bsauron"Test info"'"
[balin] 	Received message from Host ID #108 "b'\x80\x00\x00\x00l\x00\x00\x00\x05\x06\x00\x0bsauron"Test info"'"
[theshire] 	Sending message to Host ID #101 "b'\x80\x00\x00\x00l\x00\x00\x00\x01\x06\x00\x0bsauron"Test info"'"
[theshire] 	Sending message to Host ID #102 "b'\x80\x00\x00\x00l\x00\x00\x00\x01\x06\x00\x0bsauron"Test info"'"
[samgamgee] 	Received message from Host ID #108 "b'\x80\x00\x00\x00l\x00\x00\x00\x01\x06\x00\x0bsauron"Test info"'"
[frodobaggins] 	Received message from Host ID #108 "b'\x80\x00\x00\x00l\x00\x00\x00\x01\x06\x00\x0bsauron"Test info"'"
[grey_havens] 	Received message from Host ID #108 "b'\x80\x00\x00\x00l\x00\x00\x00\x01\x06\x00\x0bsauron"Test info"'"
[grey_havens] 	Sending message to Host ID #104 "b'\x80\x00\x00\x00l\x00\x00\x00\x03\x06\x00\x0bsauron"Test info"'"
[bilbobaggins] 	Received message from Host ID #108 "b'\x80\x00\x00\x00l\x00\x00\x00\x03\x06\x00\x0bsauron"Test info"'"
[theshire] 	Cleaning up the server
[frodobaggins] 	Server has disconnected!
[samgamgee] 	Server has disconnected!
[rivendale] 	Cleaning up the server
[elrond] 	Server has disconnected!
[grey_havens] 	Cleaning up the server
[bilbobaggins] 	Server has disconnected!
[lothlorien] 	Cleaning up the server
[moria] 	Cleaning up the server
[balin] 	Server has disconnected!
[edoras] 	Cleaning up the server
[meriadoc] 	Server has disconnected!
[minastirith] 	Cleaning up the server
[peregrin] 	Server has disconnected!
[mirkwood] 	Cleaning up the server
[isengard] 	Cleaning up the server
[osgiliath] 	Cleaning up the server
[barad-dur] 	Cleaning up the server
[sauron] 	Server has disconnected!

Test passed:True
