
##############################################
Beginning test 4_1_Message_Zero_Hops

*CMD.........	Starting --id 1 --servername theshire --port 34101 --info "Home of the Hobbits" --log-file theshire.log
[theshire] 	Launching server theshire...
*CMD.........	Waiting... 0.25
[theshire] 	Configuring the server socket...
[theshire] 	Listening for new connections on port 34101
*CMD.........	Starting --id 101 --serverhost theshire --serverport 34101 --username frodobaggins --info "Test info" --log-file frodobaggins.log
[frodobaggins] 	Launching client frodobaggins...
*CMD.........	Waiting... 0.25
[frodobaggins] 	Sending message to b'\x80\x00\x00\x00e\x00\x00\x00\x00\x0c\x00\x0bfrodobaggins"Test info"'
[theshire] 	Received message from Host ID #101 "b'\x80\x00\x00\x00e\x00\x00\x00\x00\x0c\x00\x0bfrodobaggins"Test info"'"
[theshire] 	Sending message to Host ID #101 "b'\x01\x00\x00\x00\x01\x00\x00\x00\x00\x00\x00\x00\x00\x006Welcome to the Clemson Relay Chat network frodobaggins'"
[frodobaggins] 	Received message from Host ID #1 "b'\x01\x00\x00\x00\x01\x00\x00\x00\x00\x00\x00\x00\x00\x006Welcome to the Clemson Relay Chat network frodobaggins'"
*CMD.........	Starting --id 102 --serverhost theshire --serverport 34101 --username samgamgee --info "Test info" --log-file samgamgee.log
[samgamgee] 	Launching client samgamgee...
*CMD.........	Waiting... 0.25
[samgamgee] 	Sending message to b'\x80\x00\x00\x00f\x00\x00\x00\x00\t\x00\x0bsamgamgee"Test info"'
[theshire] 	Received message from Host ID #102 "b'\x80\x00\x00\x00f\x00\x00\x00\x00\t\x00\x0bsamgamgee"Test info"'"
[theshire] 	Sending message to Host ID #102 "b'\x01\x00\x00\x00\x01\x00\x00\x00\x00\x00\x00\x00\x00\x003Welcome to the Clemson Relay Chat network samgamgee'"
[theshire] 	Sending message to Host ID #102 "b'\x80\x00\x00\x00e\x00\x00\x00\x01\x0c\x00\x0bfrodobaggins"Test info"'"
[theshire] 	Sending message to Host ID #101 "b'\x80\x00\x00\x00f\x00\x00\x00\x01\t\x00\x0bsamgamgee"Test info"'"
[frodobaggins] 	Received message from Host ID #102 "b'\x80\x00\x00\x00f\x00\x00\x00\x01\t\x00\x0bsamgamgee"Test info"'"
[samgamgee] 	Received message from Host ID #1 "b'\x01\x00\x00\x00\x01\x00\x00\x00\x00\x00\x00\x00\x00\x003Welcome to the Clemson Relay Chat network samgamgee'"
[samgamgee] 	Received message from Host ID #101 "b'\x80\x00\x00\x00e\x00\x00\x00\x01\x0c\x00\x0bfrodobaggins"Test info"'"
*CMD.........	Running client command: --username samgamgee --command MESSAGE 101 "Testing 1 2 3"
[samgamgee] 	Sending message to b'\x81\x00\x00\x00f\x00\x00\x00e\x00\x00\x00\x0f"Testing 1 2 3"'
[theshire] 	Received message from Host ID #102 "b'\x81\x00\x00\x00f\x00\x00\x00e\x00\x00\x00\x0f"Testing 1 2 3"'"
*CMD.........	Waiting... 0.5
[theshire] 	Sending message to Host ID #101 "b'\x81\x00\x00\x00f\x00\x00\x00e\x00\x00\x00\x0f"Testing 1 2 3"'"
[frodobaggins] 	Received message from Host ID #102 "b'\x81\x00\x00\x00f\x00\x00\x00e\x00\x00\x00\x0f"Testing 1 2 3"'"
[theshire] 	Cleaning up the server
[frodobaggins] 	Server has disconnected!
[samgamgee] 	Server has disconnected!

Test passed:True
